<?xml version="1.0" encoding="UTF-8"?>
<robot generator="Robot 6.1.1 (Python 3.11.5 on darwin)" generated="20231109 17:29:45.332" rpa="false" schemaversion="4">
<suite id="s1" name="Tests" source="/Users/annis/ohtu23_palautukset/viikko3/hello-robot/src/tests">
<suite id="s1-s1" name="Increase Counter" source="/Users/annis/ohtu23_palautukset/viikko3/hello-robot/src/tests/increase_counter.robot">
<test id="s1-s1-t1" name="Increase Counter Once" line="6">
<kw name="Counter Value Should Be" library="CounterLibrary">
<arg>0</arg>
<status status="PASS" starttime="20231109 17:29:45.370" endtime="20231109 17:29:45.370"/>
</kw>
<kw name="Increase Counter" library="CounterLibrary">
<status status="PASS" starttime="20231109 17:29:45.371" endtime="20231109 17:29:45.371"/>
</kw>
<kw name="Counter Value Should Be" library="CounterLibrary">
<arg>1</arg>
<status status="PASS" starttime="20231109 17:29:45.371" endtime="20231109 17:29:45.371"/>
</kw>
<status status="PASS" starttime="20231109 17:29:45.369" endtime="20231109 17:29:45.371"/>
</test>
<test id="s1-s1-t2" name="Increase Counter Many Times" line="11">
<kw name="Counter Value Should Be" library="CounterLibrary">
<arg>0</arg>
<status status="PASS" starttime="20231109 17:29:45.372" endtime="20231109 17:29:45.372"/>
</kw>
<kw name="Increase Counter" library="CounterLibrary">
<status status="PASS" starttime="20231109 17:29:45.373" endtime="20231109 17:29:45.373"/>
</kw>
<kw name="Increase Counter" library="CounterLibrary">
<status status="PASS" starttime="20231109 17:29:45.373" endtime="20231109 17:29:45.373"/>
</kw>
<kw name="Increase Counter" library="CounterLibrary">
<status status="PASS" starttime="20231109 17:29:45.373" endtime="20231109 17:29:45.374"/>
</kw>
<kw name="Counter Value Should Be" library="CounterLibrary">
<arg>3</arg>
<status status="PASS" starttime="20231109 17:29:45.374" endtime="20231109 17:29:45.374"/>
</kw>
<status status="PASS" starttime="20231109 17:29:45.372" endtime="20231109 17:29:45.374"/>
</test>
<test id="s1-s1-t3" name="Increment Counter By Amount" line="18">
<kw name="Counter Value Should Be" library="CounterLibrary">
<arg>0</arg>
<status status="PASS" starttime="20231109 17:29:45.375" endtime="20231109 17:29:45.375"/>
</kw>
<kw name="Increment Counter By" library="CounterLibrary">
<arg>5</arg>
<status status="PASS" starttime="20231109 17:29:45.375" endtime="20231109 17:29:45.376"/>
</kw>
<kw name="Counter Value Should Be" library="CounterLibrary">
<arg>5</arg>
<status status="PASS" starttime="20231109 17:29:45.376" endtime="20231109 17:29:45.376"/>
</kw>
<status status="PASS" starttime="20231109 17:29:45.375" endtime="20231109 17:29:45.376"/>
</test>
<test id="s1-s1-t4" name="Reset Counter After One Increment" line="23">
<kw name="Counter Value Should Be" library="CounterLibrary">
<arg>0</arg>
<status status="PASS" starttime="20231109 17:29:45.377" endtime="20231109 17:29:45.377"/>
</kw>
<kw name="Increase Counter" library="CounterLibrary">
<status status="PASS" starttime="20231109 17:29:45.377" endtime="20231109 17:29:45.377"/>
</kw>
<kw name="Counter Value Should Be" library="CounterLibrary">
<arg>1</arg>
<status status="PASS" starttime="20231109 17:29:45.378" endtime="20231109 17:29:45.378"/>
</kw>
<kw name="Reset Counter" library="CounterLibrary">
<status status="PASS" starttime="20231109 17:29:45.378" endtime="20231109 17:29:45.378"/>
</kw>
<kw name="Counter Value Should Be" library="CounterLibrary">
<arg>0</arg>
<status status="PASS" starttime="20231109 17:29:45.379" endtime="20231109 17:29:45.379"/>
</kw>
<status status="PASS" starttime="20231109 17:29:45.376" endtime="20231109 17:29:45.379"/>
</test>
<test id="s1-s1-t5" name="Reset Counter After Several Increments" line="30">
<kw name="Counter Value Should Be" library="CounterLibrary">
<arg>0</arg>
<status status="PASS" starttime="20231109 17:29:45.380" endtime="20231109 17:29:45.380"/>
</kw>
<kw name="Increment Counter By" library="CounterLibrary">
<arg>5</arg>
<status status="PASS" starttime="20231109 17:29:45.380" endtime="20231109 17:29:45.380"/>
</kw>
<kw name="Counter Value Should Be" library="CounterLibrary">
<arg>5</arg>
<status status="PASS" starttime="20231109 17:29:45.381" endtime="20231109 17:29:45.381"/>
</kw>
<kw name="Reset Counter" library="CounterLibrary">
<status status="PASS" starttime="20231109 17:29:45.381" endtime="20231109 17:29:45.381"/>
</kw>
<kw name="Counter Value Should Be" library="CounterLibrary">
<arg>0</arg>
<status status="PASS" starttime="20231109 17:29:45.381" endtime="20231109 17:29:45.381"/>
</kw>
<status status="PASS" starttime="20231109 17:29:45.379" endtime="20231109 17:29:45.382"/>
</test>
<status status="PASS" starttime="20231109 17:29:45.365" endtime="20231109 17:29:45.382"/>
</suite>
<status status="PASS" starttime="20231109 17:29:45.334" endtime="20231109 17:29:45.383"/>
</suite>
<statistics>
<total>
<stat pass="5" fail="0" skip="0">All Tests</stat>
</total>
<tag>
</tag>
<suite>
<stat pass="5" fail="0" skip="0" id="s1" name="Tests">Tests</stat>
<stat pass="5" fail="0" skip="0" id="s1-s1" name="Increase Counter">Tests.Increase Counter</stat>
</suite>
</statistics>
<errors>
</errors>
</robot>
