<?xml version="1.0" encoding="UTF-8"?>
<robot generator="Robot 6.1.1 (Python 3.11.5 on darwin)" generated="20231110 15:35:27.798" rpa="false" schemaversion="4">
<suite id="s1" name="Tests" source="/Users/annis/ohtu23_palautukset/viikko3/web-login/src/tests">
<suite id="s1-s1" name="Home" source="/Users/annis/ohtu23_palautukset/viikko3/web-login/src/tests/home.robot">
<kw name="Open And Configure Browser" library="resource" type="SETUP">
<kw name="Evaluate" library="BuiltIn">
<var>${options}</var>
<arg>sys.modules['selenium.webdriver'].ChromeOptions()</arg>
<arg>sys</arg>
<doc>Evaluates the given expression in Python and returns the result.</doc>
<msg timestamp="20231110 15:35:28.287" level="INFO">${options} = &lt;selenium.webdriver.chrome.options.Options object at 0x108f967d0&gt;</msg>
<status status="PASS" starttime="20231110 15:35:28.286" endtime="20231110 15:35:28.287"/>
</kw>
<kw name="Call Method" library="BuiltIn">
<arg>${options}</arg>
<arg>add_argument</arg>
<arg>--no-sandbox</arg>
<doc>Calls the named method of the given object with the provided arguments.</doc>
<status status="PASS" starttime="20231110 15:35:28.287" endtime="20231110 15:35:28.287"/>
</kw>
<kw name="Call Method" library="BuiltIn">
<arg>${options}</arg>
<arg>add_argument</arg>
<arg>--headless</arg>
<doc>Calls the named method of the given object with the provided arguments.</doc>
<status status="PASS" starttime="20231110 15:35:28.287" endtime="20231110 15:35:28.287"/>
</kw>
<kw name="Open Browser" library="SeleniumLibrary">
<arg>browser=chrome</arg>
<arg>options=${options}</arg>
<doc>Opens a new browser instance to the optional ``url``.</doc>
<msg timestamp="20231110 15:35:28.288" level="INFO">Opening browser 'chrome' to base url 'None'.</msg>
<status status="PASS" starttime="20231110 15:35:28.288" endtime="20231110 15:35:29.981"/>
</kw>
<kw name="Set Selenium Speed" library="SeleniumLibrary">
<arg>${DELAY}</arg>
<doc>Sets the delay that is waited after each Selenium command.</doc>
<status status="PASS" starttime="20231110 15:35:29.982" endtime="20231110 15:35:29.983"/>
</kw>
<status status="PASS" starttime="20231110 15:35:28.286" endtime="20231110 15:35:29.983"/>
</kw>
<test id="s1-s1-t1" name="Click Login Link" line="10">
<kw name="Go To Main Page" library="resource" type="SETUP">
<kw name="Go To" library="SeleniumLibrary">
<arg>${HOME_URL}</arg>
<doc>Navigates the current browser window to the provided ``url``.</doc>
<msg timestamp="20231110 15:35:29.985" level="INFO">Opening url 'http://localhost:5001'</msg>
<status status="PASS" starttime="20231110 15:35:29.985" endtime="20231110 15:35:30.180"/>
</kw>
<status status="PASS" starttime="20231110 15:35:29.985" endtime="20231110 15:35:30.180"/>
</kw>
<kw name="Click Link" library="SeleniumLibrary">
<arg>Login</arg>
<doc>Clicks a link identified by ``locator``.</doc>
<msg timestamp="20231110 15:35:30.181" level="INFO">Clicking link 'Login'.</msg>
<status status="PASS" starttime="20231110 15:35:30.180" endtime="20231110 15:35:30.288"/>
</kw>
<kw name="Login Page Should Be Open" library="resource">
<kw name="Title Should Be" library="SeleniumLibrary">
<arg>Login</arg>
<doc>Verifies that the current page title equals ``title``.</doc>
<msg timestamp="20231110 15:35:30.294" level="INFO">Page title is 'Login'.</msg>
<status status="PASS" starttime="20231110 15:35:30.289" endtime="20231110 15:35:30.294"/>
</kw>
<status status="PASS" starttime="20231110 15:35:30.288" endtime="20231110 15:35:30.294"/>
</kw>
<status status="PASS" starttime="20231110 15:35:29.983" endtime="20231110 15:35:30.294"/>
</test>
<test id="s1-s1-t2" name="Click Register Link" line="14">
<kw name="Go To Main Page" library="resource" type="SETUP">
<kw name="Go To" library="SeleniumLibrary">
<arg>${HOME_URL}</arg>
<doc>Navigates the current browser window to the provided ``url``.</doc>
<msg timestamp="20231110 15:35:30.295" level="INFO">Opening url 'http://localhost:5001'</msg>
<status status="PASS" starttime="20231110 15:35:30.295" endtime="20231110 15:35:30.310"/>
</kw>
<status status="PASS" starttime="20231110 15:35:30.295" endtime="20231110 15:35:30.310"/>
</kw>
<kw name="Click Link" library="SeleniumLibrary">
<arg>Register new user</arg>
<doc>Clicks a link identified by ``locator``.</doc>
<msg timestamp="20231110 15:35:30.311" level="INFO">Clicking link 'Register new user'.</msg>
<status status="PASS" starttime="20231110 15:35:30.311" endtime="20231110 15:35:30.384"/>
</kw>
<kw name="Register Page Should Be Open" library="resource">
<kw name="Title Should Be" library="SeleniumLibrary">
<arg>Register</arg>
<doc>Verifies that the current page title equals ``title``.</doc>
<msg timestamp="20231110 15:35:30.390" level="INFO">Page title is 'Register'.</msg>
<status status="PASS" starttime="20231110 15:35:30.385" endtime="20231110 15:35:30.390"/>
</kw>
<status status="PASS" starttime="20231110 15:35:30.384" endtime="20231110 15:35:30.390"/>
</kw>
<status status="PASS" starttime="20231110 15:35:30.294" endtime="20231110 15:35:30.390"/>
</test>
<kw name="Close Browser" library="SeleniumLibrary" type="TEARDOWN">
<doc>Closes the current browser.</doc>
<status status="PASS" starttime="20231110 15:35:30.391" endtime="20231110 15:35:30.471"/>
</kw>
<status status="PASS" starttime="20231110 15:35:27.826" endtime="20231110 15:35:30.471"/>
</suite>
<suite id="s1-s2" name="Login" source="/Users/annis/ohtu23_palautukset/viikko3/web-login/src/tests/login.robot">
<kw name="Open And Configure Browser" library="resource" type="SETUP">
<kw name="Evaluate" library="BuiltIn">
<var>${options}</var>
<arg>sys.modules['selenium.webdriver'].ChromeOptions()</arg>
<arg>sys</arg>
<doc>Evaluates the given expression in Python and returns the result.</doc>
<msg timestamp="20231110 15:35:30.482" level="INFO">${options} = &lt;selenium.webdriver.chrome.options.Options object at 0x108fab010&gt;</msg>
<status status="PASS" starttime="20231110 15:35:30.481" endtime="20231110 15:35:30.482"/>
</kw>
<kw name="Call Method" library="BuiltIn">
<arg>${options}</arg>
<arg>add_argument</arg>
<arg>--no-sandbox</arg>
<doc>Calls the named method of the given object with the provided arguments.</doc>
<status status="PASS" starttime="20231110 15:35:30.482" endtime="20231110 15:35:30.482"/>
</kw>
<kw name="Call Method" library="BuiltIn">
<arg>${options}</arg>
<arg>add_argument</arg>
<arg>--headless</arg>
<doc>Calls the named method of the given object with the provided arguments.</doc>
<status status="PASS" starttime="20231110 15:35:30.482" endtime="20231110 15:35:30.482"/>
</kw>
<kw name="Open Browser" library="SeleniumLibrary">
<arg>browser=chrome</arg>
<arg>options=${options}</arg>
<doc>Opens a new browser instance to the optional ``url``.</doc>
<msg timestamp="20231110 15:35:30.483" level="INFO">Opening browser 'chrome' to base url 'None'.</msg>
<status status="PASS" starttime="20231110 15:35:30.482" endtime="20231110 15:35:31.741"/>
</kw>
<kw name="Set Selenium Speed" library="SeleniumLibrary">
<arg>${DELAY}</arg>
<doc>Sets the delay that is waited after each Selenium command.</doc>
<status status="PASS" starttime="20231110 15:35:31.742" endtime="20231110 15:35:31.743"/>
</kw>
<status status="PASS" starttime="20231110 15:35:30.481" endtime="20231110 15:35:31.743"/>
</kw>
<test id="s1-s2-t1" name="Login With Correct Credentials" line="11">
<kw name="Create User And Go To Login Page" type="SETUP">
<kw name="Create User" library="AppLibrary">
<arg>kalle</arg>
<arg>kalle123</arg>
<status status="PASS" starttime="20231110 15:35:31.745" endtime="20231110 15:35:31.766"/>
</kw>
<kw name="Go To Login Page" library="resource">
<kw name="Go To" library="SeleniumLibrary">
<arg>${LOGIN_URL}</arg>
<doc>Navigates the current browser window to the provided ``url``.</doc>
<msg timestamp="20231110 15:35:31.767" level="INFO">Opening url 'http://localhost:5001/login'</msg>
<status status="PASS" starttime="20231110 15:35:31.766" endtime="20231110 15:35:32.005"/>
</kw>
<status status="PASS" starttime="20231110 15:35:31.766" endtime="20231110 15:35:32.005"/>
</kw>
<kw name="Login Page Should Be Open" library="resource">
<kw name="Title Should Be" library="SeleniumLibrary">
<arg>Login</arg>
<doc>Verifies that the current page title equals ``title``.</doc>
<msg timestamp="20231110 15:35:32.015" level="INFO">Page title is 'Login'.</msg>
<status status="PASS" starttime="20231110 15:35:32.005" endtime="20231110 15:35:32.015"/>
</kw>
<status status="PASS" starttime="20231110 15:35:32.005" endtime="20231110 15:35:32.015"/>
</kw>
<status status="PASS" starttime="20231110 15:35:31.744" endtime="20231110 15:35:32.015"/>
</kw>
<kw name="Set Login Username" library="login_resource">
<arg>kalle</arg>
<kw name="Input Text" library="SeleniumLibrary">
<arg>username</arg>
<arg>${username}</arg>
<doc>Types the given ``text`` into the text field identified by ``locator``.</doc>
<msg timestamp="20231110 15:35:32.017" level="INFO">Typing text 'kalle' into text field 'username'.</msg>
<status status="PASS" starttime="20231110 15:35:32.016" endtime="20231110 15:35:32.206"/>
</kw>
<status status="PASS" starttime="20231110 15:35:32.015" endtime="20231110 15:35:32.206"/>
</kw>
<kw name="Set Login Password" library="login_resource">
<arg>kalle123</arg>
<kw name="Input Password" library="SeleniumLibrary">
<arg>password</arg>
<arg>${password}</arg>
<doc>Types the given password into the text field identified by ``locator``.</doc>
<msg timestamp="20231110 15:35:32.207" level="INFO">Typing password into text field 'password'.</msg>
<msg timestamp="20231110 15:35:32.239" level="INFO">Temporally setting log level to: NONE</msg>
<msg timestamp="20231110 15:35:32.386" level="INFO">Log level changed from NONE to INFO.</msg>
<status status="PASS" starttime="20231110 15:35:32.206" endtime="20231110 15:35:32.386"/>
</kw>
<status status="PASS" starttime="20231110 15:35:32.206" endtime="20231110 15:35:32.386"/>
</kw>
<kw name="Submit Login Credentials" library="login_resource">
<kw name="Click Button" library="SeleniumLibrary">
<arg>Login</arg>
<doc>Clicks the button identified by ``locator``.</doc>
<msg timestamp="20231110 15:35:32.387" level="INFO">Clicking button 'Login'.</msg>
<status status="PASS" starttime="20231110 15:35:32.387" endtime="20231110 15:35:32.475"/>
</kw>
<status status="PASS" starttime="20231110 15:35:32.386" endtime="20231110 15:35:32.475"/>
</kw>
<kw name="Login Should Succeed" library="login_resource">
<kw name="Main Page Should Be Open" library="resource">
<kw name="Title Should Be" library="SeleniumLibrary">
<arg>Ohtu Application main page</arg>
<doc>Verifies that the current page title equals ``title``.</doc>
<msg timestamp="20231110 15:35:32.480" level="INFO">Page title is 'Ohtu Application main page'.</msg>
<status status="PASS" starttime="20231110 15:35:32.475" endtime="20231110 15:35:32.480"/>
</kw>
<status status="PASS" starttime="20231110 15:35:32.475" endtime="20231110 15:35:32.480"/>
</kw>
<status status="PASS" starttime="20231110 15:35:32.475" endtime="20231110 15:35:32.480"/>
</kw>
<status status="PASS" starttime="20231110 15:35:31.743" endtime="20231110 15:35:32.480"/>
</test>
<test id="s1-s2-t2" name="Login With Incorrect Password" line="17">
<kw name="Create User And Go To Login Page" type="SETUP">
<kw name="Create User" library="AppLibrary">
<arg>kalle</arg>
<arg>kalle123</arg>
<status status="PASS" starttime="20231110 15:35:32.481" endtime="20231110 15:35:32.496"/>
</kw>
<kw name="Go To Login Page" library="resource">
<kw name="Go To" library="SeleniumLibrary">
<arg>${LOGIN_URL}</arg>
<doc>Navigates the current browser window to the provided ``url``.</doc>
<msg timestamp="20231110 15:35:32.497" level="INFO">Opening url 'http://localhost:5001/login'</msg>
<status status="PASS" starttime="20231110 15:35:32.496" endtime="20231110 15:35:32.513"/>
</kw>
<status status="PASS" starttime="20231110 15:35:32.496" endtime="20231110 15:35:32.513"/>
</kw>
<kw name="Login Page Should Be Open" library="resource">
<kw name="Title Should Be" library="SeleniumLibrary">
<arg>Login</arg>
<doc>Verifies that the current page title equals ``title``.</doc>
<msg timestamp="20231110 15:35:32.520" level="INFO">Page title is 'Login'.</msg>
<status status="PASS" starttime="20231110 15:35:32.513" endtime="20231110 15:35:32.520"/>
</kw>
<status status="PASS" starttime="20231110 15:35:32.513" endtime="20231110 15:35:32.520"/>
</kw>
<status status="PASS" starttime="20231110 15:35:32.481" endtime="20231110 15:35:32.520"/>
</kw>
<kw name="Set Login Username" library="login_resource">
<arg>kalle</arg>
<kw name="Input Text" library="SeleniumLibrary">
<arg>username</arg>
<arg>${username}</arg>
<doc>Types the given ``text`` into the text field identified by ``locator``.</doc>
<msg timestamp="20231110 15:35:32.522" level="INFO">Typing text 'kalle' into text field 'username'.</msg>
<status status="PASS" starttime="20231110 15:35:32.521" endtime="20231110 15:35:32.600"/>
</kw>
<status status="PASS" starttime="20231110 15:35:32.521" endtime="20231110 15:35:32.600"/>
</kw>
<kw name="Set Login Password" library="login_resource">
<arg>kalle456</arg>
<kw name="Input Password" library="SeleniumLibrary">
<arg>password</arg>
<arg>${password}</arg>
<doc>Types the given password into the text field identified by ``locator``.</doc>
<msg timestamp="20231110 15:35:32.601" level="INFO">Typing password into text field 'password'.</msg>
<msg timestamp="20231110 15:35:32.631" level="INFO">Temporally setting log level to: NONE</msg>
<msg timestamp="20231110 15:35:32.677" level="INFO">Log level changed from NONE to INFO.</msg>
<status status="PASS" starttime="20231110 15:35:32.600" endtime="20231110 15:35:32.677"/>
</kw>
<status status="PASS" starttime="20231110 15:35:32.600" endtime="20231110 15:35:32.677"/>
</kw>
<kw name="Submit Login Credentials" library="login_resource">
<kw name="Click Button" library="SeleniumLibrary">
<arg>Login</arg>
<doc>Clicks the button identified by ``locator``.</doc>
<msg timestamp="20231110 15:35:32.678" level="INFO">Clicking button 'Login'.</msg>
<status status="PASS" starttime="20231110 15:35:32.678" endtime="20231110 15:35:32.746"/>
</kw>
<status status="PASS" starttime="20231110 15:35:32.678" endtime="20231110 15:35:32.746"/>
</kw>
<kw name="Login Should Fail With Message" library="login_resource">
<arg>Invalid username or password</arg>
<kw name="Login Page Should Be Open" library="resource">
<kw name="Title Should Be" library="SeleniumLibrary">
<arg>Login</arg>
<doc>Verifies that the current page title equals ``title``.</doc>
<msg timestamp="20231110 15:35:32.751" level="INFO">Page title is 'Login'.</msg>
<status status="PASS" starttime="20231110 15:35:32.747" endtime="20231110 15:35:32.751"/>
</kw>
<status status="PASS" starttime="20231110 15:35:32.747" endtime="20231110 15:35:32.751"/>
</kw>
<kw name="Page Should Contain" library="SeleniumLibrary">
<arg>${message}</arg>
<doc>Verifies that current page contains ``text``.</doc>
<msg timestamp="20231110 15:35:32.766" level="INFO">Current page contains text 'Invalid username or password'.</msg>
<status status="PASS" starttime="20231110 15:35:32.751" endtime="20231110 15:35:32.766"/>
</kw>
<status status="PASS" starttime="20231110 15:35:32.746" endtime="20231110 15:35:32.766"/>
</kw>
<status status="PASS" starttime="20231110 15:35:32.481" endtime="20231110 15:35:32.766"/>
</test>
<test id="s1-s2-t3" name="Login With Nonexistent Username" line="23">
<kw name="Create User And Go To Login Page" type="SETUP">
<kw name="Create User" library="AppLibrary">
<arg>kalle</arg>
<arg>kalle123</arg>
<status status="PASS" starttime="20231110 15:35:32.768" endtime="20231110 15:35:32.783"/>
</kw>
<kw name="Go To Login Page" library="resource">
<kw name="Go To" library="SeleniumLibrary">
<arg>${LOGIN_URL}</arg>
<doc>Navigates the current browser window to the provided ``url``.</doc>
<msg timestamp="20231110 15:35:32.784" level="INFO">Opening url 'http://localhost:5001/login'</msg>
<status status="PASS" starttime="20231110 15:35:32.784" endtime="20231110 15:35:32.801"/>
</kw>
<status status="PASS" starttime="20231110 15:35:32.783" endtime="20231110 15:35:32.802"/>
</kw>
<kw name="Login Page Should Be Open" library="resource">
<kw name="Title Should Be" library="SeleniumLibrary">
<arg>Login</arg>
<doc>Verifies that the current page title equals ``title``.</doc>
<msg timestamp="20231110 15:35:32.808" level="INFO">Page title is 'Login'.</msg>
<status status="PASS" starttime="20231110 15:35:32.802" endtime="20231110 15:35:32.808"/>
</kw>
<status status="PASS" starttime="20231110 15:35:32.802" endtime="20231110 15:35:32.808"/>
</kw>
<status status="PASS" starttime="20231110 15:35:32.768" endtime="20231110 15:35:32.808"/>
</kw>
<kw name="Set Login Username" library="login_resource">
<arg>testuser</arg>
<kw name="Input Text" library="SeleniumLibrary">
<arg>username</arg>
<arg>${username}</arg>
<doc>Types the given ``text`` into the text field identified by ``locator``.</doc>
<msg timestamp="20231110 15:35:32.810" level="INFO">Typing text 'testuser' into text field 'username'.</msg>
<status status="PASS" starttime="20231110 15:35:32.809" endtime="20231110 15:35:32.889"/>
</kw>
<status status="PASS" starttime="20231110 15:35:32.809" endtime="20231110 15:35:32.889"/>
</kw>
<kw name="Set Login Password" library="login_resource">
<arg>password</arg>
<kw name="Input Password" library="SeleniumLibrary">
<arg>password</arg>
<arg>${password}</arg>
<doc>Types the given password into the text field identified by ``locator``.</doc>
<msg timestamp="20231110 15:35:32.890" level="INFO">Typing password into text field 'password'.</msg>
<msg timestamp="20231110 15:35:32.919" level="INFO">Temporally setting log level to: NONE</msg>
<msg timestamp="20231110 15:35:32.962" level="INFO">Log level changed from NONE to INFO.</msg>
<status status="PASS" starttime="20231110 15:35:32.890" endtime="20231110 15:35:32.963"/>
</kw>
<status status="PASS" starttime="20231110 15:35:32.889" endtime="20231110 15:35:32.963"/>
</kw>
<kw name="Submit Login Credentials" library="login_resource">
<kw name="Click Button" library="SeleniumLibrary">
<arg>Login</arg>
<doc>Clicks the button identified by ``locator``.</doc>
<msg timestamp="20231110 15:35:32.963" level="INFO">Clicking button 'Login'.</msg>
<status status="PASS" starttime="20231110 15:35:32.963" endtime="20231110 15:35:33.026"/>
</kw>
<status status="PASS" starttime="20231110 15:35:32.963" endtime="20231110 15:35:33.026"/>
</kw>
<kw name="Login Should Fail With Message" library="login_resource">
<arg>Invalid username or password</arg>
<kw name="Login Page Should Be Open" library="resource">
<kw name="Title Should Be" library="SeleniumLibrary">
<arg>Login</arg>
<doc>Verifies that the current page title equals ``title``.</doc>
<msg timestamp="20231110 15:35:33.031" level="INFO">Page title is 'Login'.</msg>
<status status="PASS" starttime="20231110 15:35:33.027" endtime="20231110 15:35:33.031"/>
</kw>
<status status="PASS" starttime="20231110 15:35:33.027" endtime="20231110 15:35:33.032"/>
</kw>
<kw name="Page Should Contain" library="SeleniumLibrary">
<arg>${message}</arg>
<doc>Verifies that current page contains ``text``.</doc>
<msg timestamp="20231110 15:35:33.043" level="INFO">Current page contains text 'Invalid username or password'.</msg>
<status status="PASS" starttime="20231110 15:35:33.032" endtime="20231110 15:35:33.043"/>
</kw>
<status status="PASS" starttime="20231110 15:35:33.026" endtime="20231110 15:35:33.043"/>
</kw>
<status status="PASS" starttime="20231110 15:35:32.767" endtime="20231110 15:35:33.043"/>
</test>
<kw name="Close Browser" library="SeleniumLibrary" type="TEARDOWN">
<doc>Closes the current browser.</doc>
<status status="PASS" starttime="20231110 15:35:33.044" endtime="20231110 15:35:33.125"/>
</kw>
<status status="PASS" starttime="20231110 15:35:30.472" endtime="20231110 15:35:33.125"/>
</suite>
<suite id="s1-s3" name="Register" source="/Users/annis/ohtu23_palautukset/viikko3/web-login/src/tests/register.robot">
<kw name="Open And Configure Browser" library="resource" type="SETUP">
<kw name="Evaluate" library="BuiltIn">
<var>${options}</var>
<arg>sys.modules['selenium.webdriver'].ChromeOptions()</arg>
<arg>sys</arg>
<doc>Evaluates the given expression in Python and returns the result.</doc>
<msg timestamp="20231110 15:35:33.135" level="INFO">${options} = &lt;selenium.webdriver.chrome.options.Options object at 0x108fd7d90&gt;</msg>
<status status="PASS" starttime="20231110 15:35:33.135" endtime="20231110 15:35:33.135"/>
</kw>
<kw name="Call Method" library="BuiltIn">
<arg>${options}</arg>
<arg>add_argument</arg>
<arg>--no-sandbox</arg>
<doc>Calls the named method of the given object with the provided arguments.</doc>
<status status="PASS" starttime="20231110 15:35:33.135" endtime="20231110 15:35:33.136"/>
</kw>
<kw name="Call Method" library="BuiltIn">
<arg>${options}</arg>
<arg>add_argument</arg>
<arg>--headless</arg>
<doc>Calls the named method of the given object with the provided arguments.</doc>
<status status="PASS" starttime="20231110 15:35:33.136" endtime="20231110 15:35:33.136"/>
</kw>
<kw name="Open Browser" library="SeleniumLibrary">
<arg>browser=chrome</arg>
<arg>options=${options}</arg>
<doc>Opens a new browser instance to the optional ``url``.</doc>
<msg timestamp="20231110 15:35:33.136" level="INFO">Opening browser 'chrome' to base url 'None'.</msg>
<status status="PASS" starttime="20231110 15:35:33.136" endtime="20231110 15:35:34.633"/>
</kw>
<kw name="Set Selenium Speed" library="SeleniumLibrary">
<arg>${DELAY}</arg>
<doc>Sets the delay that is waited after each Selenium command.</doc>
<status status="PASS" starttime="20231110 15:35:34.634" endtime="20231110 15:35:34.634"/>
</kw>
<status status="PASS" starttime="20231110 15:35:33.134" endtime="20231110 15:35:34.635"/>
</kw>
<test id="s1-s3-t1" name="Register With Valid Username And Password" line="11">
<kw name="Go To Register Page" library="resource" type="SETUP">
<kw name="Go To" library="SeleniumLibrary">
<arg>${REGISTER_URL}</arg>
<doc>Navigates the current browser window to the provided ``url``.</doc>
<msg timestamp="20231110 15:35:34.636" level="INFO">Opening url 'http://localhost:5001/register'</msg>
<status status="PASS" starttime="20231110 15:35:34.636" endtime="20231110 15:35:34.809"/>
</kw>
<status status="PASS" starttime="20231110 15:35:34.636" endtime="20231110 15:35:34.809"/>
</kw>
<kw name="Set Username">
<arg>testuser</arg>
<kw name="Input Text" library="SeleniumLibrary">
<arg>username</arg>
<arg>${username}</arg>
<doc>Types the given ``text`` into the text field identified by ``locator``.</doc>
<msg timestamp="20231110 15:35:34.810" level="INFO">Typing text 'testuser' into text field 'username'.</msg>
<status status="PASS" starttime="20231110 15:35:34.809" endtime="20231110 15:35:35.013"/>
</kw>
<status status="PASS" starttime="20231110 15:35:34.809" endtime="20231110 15:35:35.013"/>
</kw>
<kw name="Set Password">
<arg>password123</arg>
<kw name="Input Password" library="SeleniumLibrary">
<arg>password</arg>
<arg>${password}</arg>
<doc>Types the given password into the text field identified by ``locator``.</doc>
<msg timestamp="20231110 15:35:35.014" level="INFO">Typing password into text field 'password'.</msg>
<msg timestamp="20231110 15:35:35.049" level="INFO">Temporally setting log level to: NONE</msg>
<msg timestamp="20231110 15:35:35.222" level="INFO">Log level changed from NONE to INFO.</msg>
<status status="PASS" starttime="20231110 15:35:35.013" endtime="20231110 15:35:35.222"/>
</kw>
<status status="PASS" starttime="20231110 15:35:35.013" endtime="20231110 15:35:35.222"/>
</kw>
<kw name="Confirm Password">
<arg>password123</arg>
<kw name="Input Password" library="SeleniumLibrary">
<arg>password_confirmation</arg>
<arg>${password}</arg>
<doc>Types the given password into the text field identified by ``locator``.</doc>
<msg timestamp="20231110 15:35:35.224" level="INFO">Typing password into text field 'password_confirmation'.</msg>
<msg timestamp="20231110 15:35:35.277" level="INFO">Temporally setting log level to: NONE</msg>
<msg timestamp="20231110 15:35:35.346" level="INFO">Log level changed from NONE to INFO.</msg>
<status status="PASS" starttime="20231110 15:35:35.223" endtime="20231110 15:35:35.346"/>
</kw>
<status status="PASS" starttime="20231110 15:35:35.222" endtime="20231110 15:35:35.346"/>
</kw>
<kw name="Submit Credentials">
<kw name="Click Button" library="SeleniumLibrary">
<arg>Register</arg>
<doc>Clicks the button identified by ``locator``.</doc>
<msg timestamp="20231110 15:35:35.347" level="INFO">Clicking button 'Register'.</msg>
<status status="PASS" starttime="20231110 15:35:35.346" endtime="20231110 15:35:35.431"/>
</kw>
<status status="PASS" starttime="20231110 15:35:35.346" endtime="20231110 15:35:35.431"/>
</kw>
<kw name="Registration Should Succeed">
<kw name="Welcome Page Should Be Open" library="resource">
<kw name="Title Should Be" library="SeleniumLibrary">
<arg>Welcome to Ohtu Application!</arg>
<doc>Verifies that the current page title equals ``title``.</doc>
<msg timestamp="20231110 15:35:35.436" level="INFO">Page title is 'Welcome to Ohtu Application!'.</msg>
<status status="PASS" starttime="20231110 15:35:35.431" endtime="20231110 15:35:35.436"/>
</kw>
<status status="PASS" starttime="20231110 15:35:35.431" endtime="20231110 15:35:35.436"/>
</kw>
<status status="PASS" starttime="20231110 15:35:35.431" endtime="20231110 15:35:35.436"/>
</kw>
<status status="PASS" starttime="20231110 15:35:34.635" endtime="20231110 15:35:35.436"/>
</test>
<test id="s1-s3-t2" name="Login After Successful Registration" line="18">
<kw name="Go To Register Page" library="resource" type="SETUP">
<kw name="Go To" library="SeleniumLibrary">
<arg>${REGISTER_URL}</arg>
<doc>Navigates the current browser window to the provided ``url``.</doc>
<msg timestamp="20231110 15:35:35.438" level="INFO">Opening url 'http://localhost:5001/register'</msg>
<status status="PASS" starttime="20231110 15:35:35.437" endtime="20231110 15:35:35.453"/>
</kw>
<status status="PASS" starttime="20231110 15:35:35.437" endtime="20231110 15:35:35.453"/>
</kw>
<kw name="Go To Login Page" library="resource">
<kw name="Go To" library="SeleniumLibrary">
<arg>${LOGIN_URL}</arg>
<doc>Navigates the current browser window to the provided ``url``.</doc>
<msg timestamp="20231110 15:35:35.454" level="INFO">Opening url 'http://localhost:5001/login'</msg>
<status status="PASS" starttime="20231110 15:35:35.453" endtime="20231110 15:35:35.474"/>
</kw>
<status status="PASS" starttime="20231110 15:35:35.453" endtime="20231110 15:35:35.475"/>
</kw>
<kw name="Set Login Username" library="login_resource">
<arg>testuser</arg>
<kw name="Input Text" library="SeleniumLibrary">
<arg>username</arg>
<arg>${username}</arg>
<doc>Types the given ``text`` into the text field identified by ``locator``.</doc>
<msg timestamp="20231110 15:35:35.477" level="INFO">Typing text 'testuser' into text field 'username'.</msg>
<status status="PASS" starttime="20231110 15:35:35.476" endtime="20231110 15:35:35.558"/>
</kw>
<status status="PASS" starttime="20231110 15:35:35.475" endtime="20231110 15:35:35.558"/>
</kw>
<kw name="Set Login Password" library="login_resource">
<arg>password123</arg>
<kw name="Input Password" library="SeleniumLibrary">
<arg>password</arg>
<arg>${password}</arg>
<doc>Types the given password into the text field identified by ``locator``.</doc>
<msg timestamp="20231110 15:35:35.559" level="INFO">Typing password into text field 'password'.</msg>
<msg timestamp="20231110 15:35:35.594" level="INFO">Temporally setting log level to: NONE</msg>
<msg timestamp="20231110 15:35:35.643" level="INFO">Log level changed from NONE to INFO.</msg>
<status status="PASS" starttime="20231110 15:35:35.558" endtime="20231110 15:35:35.643"/>
</kw>
<status status="PASS" starttime="20231110 15:35:35.558" endtime="20231110 15:35:35.643"/>
</kw>
<kw name="Submit Login Credentials" library="login_resource">
<kw name="Click Button" library="SeleniumLibrary">
<arg>Login</arg>
<doc>Clicks the button identified by ``locator``.</doc>
<msg timestamp="20231110 15:35:35.644" level="INFO">Clicking button 'Login'.</msg>
<status status="PASS" starttime="20231110 15:35:35.643" endtime="20231110 15:35:35.717"/>
</kw>
<status status="PASS" starttime="20231110 15:35:35.643" endtime="20231110 15:35:35.717"/>
</kw>
<kw name="Login Should Succeed" library="login_resource">
<kw name="Main Page Should Be Open" library="resource">
<kw name="Title Should Be" library="SeleniumLibrary">
<arg>Ohtu Application main page</arg>
<doc>Verifies that the current page title equals ``title``.</doc>
<msg timestamp="20231110 15:35:35.725" level="INFO">Page title is 'Ohtu Application main page'.</msg>
<status status="PASS" starttime="20231110 15:35:35.718" endtime="20231110 15:35:35.726"/>
</kw>
<status status="PASS" starttime="20231110 15:35:35.718" endtime="20231110 15:35:35.726"/>
</kw>
<status status="PASS" starttime="20231110 15:35:35.718" endtime="20231110 15:35:35.726"/>
</kw>
<status status="PASS" starttime="20231110 15:35:35.437" endtime="20231110 15:35:35.726"/>
</test>
<test id="s1-s3-t3" name="Register With Too Short Username And Valid Password" line="25">
<kw name="Go To Register Page" library="resource" type="SETUP">
<kw name="Go To" library="SeleniumLibrary">
<arg>${REGISTER_URL}</arg>
<doc>Navigates the current browser window to the provided ``url``.</doc>
<msg timestamp="20231110 15:35:35.728" level="INFO">Opening url 'http://localhost:5001/register'</msg>
<status status="PASS" starttime="20231110 15:35:35.727" endtime="20231110 15:35:35.744"/>
</kw>
<status status="PASS" starttime="20231110 15:35:35.727" endtime="20231110 15:35:35.745"/>
</kw>
<kw name="Set Username">
<arg>te</arg>
<kw name="Input Text" library="SeleniumLibrary">
<arg>username</arg>
<arg>${username}</arg>
<doc>Types the given ``text`` into the text field identified by ``locator``.</doc>
<msg timestamp="20231110 15:35:35.746" level="INFO">Typing text 'te' into text field 'username'.</msg>
<status status="PASS" starttime="20231110 15:35:35.745" endtime="20231110 15:35:35.817"/>
</kw>
<status status="PASS" starttime="20231110 15:35:35.745" endtime="20231110 15:35:35.817"/>
</kw>
<kw name="Set Password">
<arg>password123</arg>
<kw name="Input Password" library="SeleniumLibrary">
<arg>password</arg>
<arg>${password}</arg>
<doc>Types the given password into the text field identified by ``locator``.</doc>
<msg timestamp="20231110 15:35:35.818" level="INFO">Typing password into text field 'password'.</msg>
<msg timestamp="20231110 15:35:35.848" level="INFO">Temporally setting log level to: NONE</msg>
<msg timestamp="20231110 15:35:35.903" level="INFO">Log level changed from NONE to INFO.</msg>
<status status="PASS" starttime="20231110 15:35:35.818" endtime="20231110 15:35:35.903"/>
</kw>
<status status="PASS" starttime="20231110 15:35:35.817" endtime="20231110 15:35:35.903"/>
</kw>
<kw name="Confirm Password">
<arg>password123</arg>
<kw name="Input Password" library="SeleniumLibrary">
<arg>password_confirmation</arg>
<arg>${password}</arg>
<doc>Types the given password into the text field identified by ``locator``.</doc>
<msg timestamp="20231110 15:35:35.904" level="INFO">Typing password into text field 'password_confirmation'.</msg>
<msg timestamp="20231110 15:35:35.939" level="INFO">Temporally setting log level to: NONE</msg>
<msg timestamp="20231110 15:35:35.990" level="INFO">Log level changed from NONE to INFO.</msg>
<status status="PASS" starttime="20231110 15:35:35.904" endtime="20231110 15:35:35.990"/>
</kw>
<status status="PASS" starttime="20231110 15:35:35.903" endtime="20231110 15:35:35.990"/>
</kw>
<kw name="Submit Credentials">
<kw name="Click Button" library="SeleniumLibrary">
<arg>Register</arg>
<doc>Clicks the button identified by ``locator``.</doc>
<msg timestamp="20231110 15:35:35.991" level="INFO">Clicking button 'Register'.</msg>
<status status="PASS" starttime="20231110 15:35:35.990" endtime="20231110 15:35:36.053"/>
</kw>
<status status="PASS" starttime="20231110 15:35:35.990" endtime="20231110 15:35:36.053"/>
</kw>
<kw name="Registration Should Fail With Message">
<arg>Invalid username</arg>
<kw name="Register Page Should Be Open" library="resource">
<kw name="Title Should Be" library="SeleniumLibrary">
<arg>Register</arg>
<doc>Verifies that the current page title equals ``title``.</doc>
<msg timestamp="20231110 15:35:36.060" level="INFO">Page title is 'Register'.</msg>
<status status="PASS" starttime="20231110 15:35:36.054" endtime="20231110 15:35:36.060"/>
</kw>
<status status="PASS" starttime="20231110 15:35:36.054" endtime="20231110 15:35:36.060"/>
</kw>
<kw name="Page Should Contain" library="SeleniumLibrary">
<arg>${message}</arg>
<doc>Verifies that current page contains ``text``.</doc>
<msg timestamp="20231110 15:35:36.075" level="INFO">Current page contains text 'Invalid username'.</msg>
<status status="PASS" starttime="20231110 15:35:36.060" endtime="20231110 15:35:36.075"/>
</kw>
<status status="PASS" starttime="20231110 15:35:36.053" endtime="20231110 15:35:36.075"/>
</kw>
<status status="PASS" starttime="20231110 15:35:35.727" endtime="20231110 15:35:36.075"/>
</test>
<test id="s1-s3-t4" name="Login After Failed Registration" line="32">
<kw name="Go To Register Page" library="resource" type="SETUP">
<kw name="Go To" library="SeleniumLibrary">
<arg>${REGISTER_URL}</arg>
<doc>Navigates the current browser window to the provided ``url``.</doc>
<msg timestamp="20231110 15:35:36.078" level="INFO">Opening url 'http://localhost:5001/register'</msg>
<status status="PASS" starttime="20231110 15:35:36.077" endtime="20231110 15:35:36.096"/>
</kw>
<status status="PASS" starttime="20231110 15:35:36.076" endtime="20231110 15:35:36.096"/>
</kw>
<kw name="Go To Login Page" library="resource">
<kw name="Go To" library="SeleniumLibrary">
<arg>${LOGIN_URL}</arg>
<doc>Navigates the current browser window to the provided ``url``.</doc>
<msg timestamp="20231110 15:35:36.097" level="INFO">Opening url 'http://localhost:5001/login'</msg>
<status status="PASS" starttime="20231110 15:35:36.097" endtime="20231110 15:35:36.112"/>
</kw>
<status status="PASS" starttime="20231110 15:35:36.096" endtime="20231110 15:35:36.113"/>
</kw>
<kw name="Set Login Username" library="login_resource">
<arg>te</arg>
<kw name="Input Text" library="SeleniumLibrary">
<arg>username</arg>
<arg>${username}</arg>
<doc>Types the given ``text`` into the text field identified by ``locator``.</doc>
<msg timestamp="20231110 15:35:36.114" level="INFO">Typing text 'te' into text field 'username'.</msg>
<status status="PASS" starttime="20231110 15:35:36.113" endtime="20231110 15:35:36.192"/>
</kw>
<status status="PASS" starttime="20231110 15:35:36.113" endtime="20231110 15:35:36.192"/>
</kw>
<kw name="Set Login Password" library="login_resource">
<arg>password123</arg>
<kw name="Input Password" library="SeleniumLibrary">
<arg>password</arg>
<arg>${password}</arg>
<doc>Types the given password into the text field identified by ``locator``.</doc>
<msg timestamp="20231110 15:35:36.193" level="INFO">Typing password into text field 'password'.</msg>
<msg timestamp="20231110 15:35:36.224" level="INFO">Temporally setting log level to: NONE</msg>
<msg timestamp="20231110 15:35:36.271" level="INFO">Log level changed from NONE to INFO.</msg>
<status status="PASS" starttime="20231110 15:35:36.193" endtime="20231110 15:35:36.272"/>
</kw>
<status status="PASS" starttime="20231110 15:35:36.193" endtime="20231110 15:35:36.272"/>
</kw>
<kw name="Submit Login Credentials" library="login_resource">
<kw name="Click Button" library="SeleniumLibrary">
<arg>Login</arg>
<doc>Clicks the button identified by ``locator``.</doc>
<msg timestamp="20231110 15:35:36.273" level="INFO">Clicking button 'Login'.</msg>
<status status="PASS" starttime="20231110 15:35:36.272" endtime="20231110 15:35:36.336"/>
</kw>
<status status="PASS" starttime="20231110 15:35:36.272" endtime="20231110 15:35:36.336"/>
</kw>
<kw name="Login Should Fail With Message" library="login_resource">
<arg>Invalid username or password</arg>
<kw name="Login Page Should Be Open" library="resource">
<kw name="Title Should Be" library="SeleniumLibrary">
<arg>Login</arg>
<doc>Verifies that the current page title equals ``title``.</doc>
<msg timestamp="20231110 15:35:36.342" level="INFO">Page title is 'Login'.</msg>
<status status="PASS" starttime="20231110 15:35:36.336" endtime="20231110 15:35:36.342"/>
</kw>
<status status="PASS" starttime="20231110 15:35:36.336" endtime="20231110 15:35:36.342"/>
</kw>
<kw name="Page Should Contain" library="SeleniumLibrary">
<arg>${message}</arg>
<doc>Verifies that current page contains ``text``.</doc>
<msg timestamp="20231110 15:35:36.355" level="INFO">Current page contains text 'Invalid username or password'.</msg>
<status status="PASS" starttime="20231110 15:35:36.342" endtime="20231110 15:35:36.355"/>
</kw>
<status status="PASS" starttime="20231110 15:35:36.336" endtime="20231110 15:35:36.355"/>
</kw>
<status status="PASS" starttime="20231110 15:35:36.076" endtime="20231110 15:35:36.355"/>
</test>
<test id="s1-s3-t5" name="Register With Valid Username And Invalid Password" line="39">
<kw name="Go To Register Page" library="resource" type="SETUP">
<kw name="Go To" library="SeleniumLibrary">
<arg>${REGISTER_URL}</arg>
<doc>Navigates the current browser window to the provided ``url``.</doc>
<msg timestamp="20231110 15:35:36.356" level="INFO">Opening url 'http://localhost:5001/register'</msg>
<status status="PASS" starttime="20231110 15:35:36.356" endtime="20231110 15:35:36.380"/>
</kw>
<status status="PASS" starttime="20231110 15:35:36.356" endtime="20231110 15:35:36.380"/>
</kw>
<kw name="Set Username">
<arg>testikayttaja</arg>
<kw name="Input Text" library="SeleniumLibrary">
<arg>username</arg>
<arg>${username}</arg>
<doc>Types the given ``text`` into the text field identified by ``locator``.</doc>
<msg timestamp="20231110 15:35:36.381" level="INFO">Typing text 'testikayttaja' into text field 'username'.</msg>
<status status="PASS" starttime="20231110 15:35:36.380" endtime="20231110 15:35:36.468"/>
</kw>
<status status="PASS" starttime="20231110 15:35:36.380" endtime="20231110 15:35:36.468"/>
</kw>
<kw name="Set Password">
<arg>password</arg>
<kw name="Input Password" library="SeleniumLibrary">
<arg>password</arg>
<arg>${password}</arg>
<doc>Types the given password into the text field identified by ``locator``.</doc>
<msg timestamp="20231110 15:35:36.470" level="INFO">Typing password into text field 'password'.</msg>
<msg timestamp="20231110 15:35:36.503" level="INFO">Temporally setting log level to: NONE</msg>
<msg timestamp="20231110 15:35:36.551" level="INFO">Log level changed from NONE to INFO.</msg>
<status status="PASS" starttime="20231110 15:35:36.469" endtime="20231110 15:35:36.551"/>
</kw>
<status status="PASS" starttime="20231110 15:35:36.468" endtime="20231110 15:35:36.551"/>
</kw>
<kw name="Confirm Password">
<arg>password</arg>
<kw name="Input Password" library="SeleniumLibrary">
<arg>password_confirmation</arg>
<arg>${password}</arg>
<doc>Types the given password into the text field identified by ``locator``.</doc>
<msg timestamp="20231110 15:35:36.552" level="INFO">Typing password into text field 'password_confirmation'.</msg>
<msg timestamp="20231110 15:35:36.584" level="INFO">Temporally setting log level to: NONE</msg>
<msg timestamp="20231110 15:35:36.627" level="INFO">Log level changed from NONE to INFO.</msg>
<status status="PASS" starttime="20231110 15:35:36.552" endtime="20231110 15:35:36.627"/>
</kw>
<status status="PASS" starttime="20231110 15:35:36.551" endtime="20231110 15:35:36.627"/>
</kw>
<kw name="Submit Credentials">
<kw name="Click Button" library="SeleniumLibrary">
<arg>Register</arg>
<doc>Clicks the button identified by ``locator``.</doc>
<msg timestamp="20231110 15:35:36.628" level="INFO">Clicking button 'Register'.</msg>
<status status="PASS" starttime="20231110 15:35:36.627" endtime="20231110 15:35:36.695"/>
</kw>
<status status="PASS" starttime="20231110 15:35:36.627" endtime="20231110 15:35:36.695"/>
</kw>
<kw name="Registration Should Fail With Message">
<arg>Invalid password</arg>
<kw name="Register Page Should Be Open" library="resource">
<kw name="Title Should Be" library="SeleniumLibrary">
<arg>Register</arg>
<doc>Verifies that the current page title equals ``title``.</doc>
<msg timestamp="20231110 15:35:36.701" level="INFO">Page title is 'Register'.</msg>
<status status="PASS" starttime="20231110 15:35:36.696" endtime="20231110 15:35:36.701"/>
</kw>
<status status="PASS" starttime="20231110 15:35:36.696" endtime="20231110 15:35:36.701"/>
</kw>
<kw name="Page Should Contain" library="SeleniumLibrary">
<arg>${message}</arg>
<doc>Verifies that current page contains ``text``.</doc>
<msg timestamp="20231110 15:35:36.714" level="INFO">Current page contains text 'Invalid password'.</msg>
<status status="PASS" starttime="20231110 15:35:36.701" endtime="20231110 15:35:36.714"/>
</kw>
<status status="PASS" starttime="20231110 15:35:36.696" endtime="20231110 15:35:36.714"/>
</kw>
<status status="PASS" starttime="20231110 15:35:36.356" endtime="20231110 15:35:36.714"/>
</test>
<test id="s1-s3-t6" name="Register With Nonmatching Password And Password Confirmation" line="46">
<kw name="Go To Register Page" library="resource" type="SETUP">
<kw name="Go To" library="SeleniumLibrary">
<arg>${REGISTER_URL}</arg>
<doc>Navigates the current browser window to the provided ``url``.</doc>
<msg timestamp="20231110 15:35:36.716" level="INFO">Opening url 'http://localhost:5001/register'</msg>
<status status="PASS" starttime="20231110 15:35:36.716" endtime="20231110 15:35:36.736"/>
</kw>
<status status="PASS" starttime="20231110 15:35:36.715" endtime="20231110 15:35:36.736"/>
</kw>
<kw name="Set Username">
<arg>tokatesti</arg>
<kw name="Input Text" library="SeleniumLibrary">
<arg>username</arg>
<arg>${username}</arg>
<doc>Types the given ``text`` into the text field identified by ``locator``.</doc>
<msg timestamp="20231110 15:35:36.737" level="INFO">Typing text 'tokatesti' into text field 'username'.</msg>
<status status="PASS" starttime="20231110 15:35:36.737" endtime="20231110 15:35:36.820"/>
</kw>
<status status="PASS" starttime="20231110 15:35:36.737" endtime="20231110 15:35:36.820"/>
</kw>
<kw name="Set Password">
<arg>salasana222</arg>
<kw name="Input Password" library="SeleniumLibrary">
<arg>password</arg>
<arg>${password}</arg>
<doc>Types the given password into the text field identified by ``locator``.</doc>
<msg timestamp="20231110 15:35:36.822" level="INFO">Typing password into text field 'password'.</msg>
<msg timestamp="20231110 15:35:36.851" level="INFO">Temporally setting log level to: NONE</msg>
<msg timestamp="20231110 15:35:36.902" level="INFO">Log level changed from NONE to INFO.</msg>
<status status="PASS" starttime="20231110 15:35:36.821" endtime="20231110 15:35:36.902"/>
</kw>
<status status="PASS" starttime="20231110 15:35:36.820" endtime="20231110 15:35:36.902"/>
</kw>
<kw name="Confirm Password">
<arg>salasana123</arg>
<kw name="Input Password" library="SeleniumLibrary">
<arg>password_confirmation</arg>
<arg>${password}</arg>
<doc>Types the given password into the text field identified by ``locator``.</doc>
<msg timestamp="20231110 15:35:36.903" level="INFO">Typing password into text field 'password_confirmation'.</msg>
<msg timestamp="20231110 15:35:36.935" level="INFO">Temporally setting log level to: NONE</msg>
<msg timestamp="20231110 15:35:36.985" level="INFO">Log level changed from NONE to INFO.</msg>
<status status="PASS" starttime="20231110 15:35:36.902" endtime="20231110 15:35:36.985"/>
</kw>
<status status="PASS" starttime="20231110 15:35:36.902" endtime="20231110 15:35:36.985"/>
</kw>
<kw name="Submit Credentials">
<kw name="Click Button" library="SeleniumLibrary">
<arg>Register</arg>
<doc>Clicks the button identified by ``locator``.</doc>
<msg timestamp="20231110 15:35:36.986" level="INFO">Clicking button 'Register'.</msg>
<status status="PASS" starttime="20231110 15:35:36.985" endtime="20231110 15:35:37.052"/>
</kw>
<status status="PASS" starttime="20231110 15:35:36.985" endtime="20231110 15:35:37.052"/>
</kw>
<kw name="Registration Should Fail With Message">
<arg>Passwords do not match</arg>
<kw name="Register Page Should Be Open" library="resource">
<kw name="Title Should Be" library="SeleniumLibrary">
<arg>Register</arg>
<doc>Verifies that the current page title equals ``title``.</doc>
<msg timestamp="20231110 15:35:37.058" level="INFO">Page title is 'Register'.</msg>
<status status="PASS" starttime="20231110 15:35:37.053" endtime="20231110 15:35:37.058"/>
</kw>
<status status="PASS" starttime="20231110 15:35:37.052" endtime="20231110 15:35:37.058"/>
</kw>
<kw name="Page Should Contain" library="SeleniumLibrary">
<arg>${message}</arg>
<doc>Verifies that current page contains ``text``.</doc>
<msg timestamp="20231110 15:35:37.072" level="INFO">Current page contains text 'Passwords do not match'.</msg>
<status status="PASS" starttime="20231110 15:35:37.058" endtime="20231110 15:35:37.073"/>
</kw>
<status status="PASS" starttime="20231110 15:35:37.052" endtime="20231110 15:35:37.073"/>
</kw>
<status status="PASS" starttime="20231110 15:35:36.715" endtime="20231110 15:35:37.073"/>
</test>
<kw name="Close Browser" library="SeleniumLibrary" type="TEARDOWN">
<doc>Closes the current browser.</doc>
<status status="PASS" starttime="20231110 15:35:37.074" endtime="20231110 15:35:37.155"/>
</kw>
<status status="PASS" starttime="20231110 15:35:33.127" endtime="20231110 15:35:37.156"/>
</suite>
<status status="PASS" starttime="20231110 15:35:27.802" endtime="20231110 15:35:37.158"/>
</suite>
<statistics>
<total>
<stat pass="11" fail="0" skip="0">All Tests</stat>
</total>
<tag>
</tag>
<suite>
<stat pass="11" fail="0" skip="0" id="s1" name="Tests">Tests</stat>
<stat pass="2" fail="0" skip="0" id="s1-s1" name="Home">Tests.Home</stat>
<stat pass="3" fail="0" skip="0" id="s1-s2" name="Login">Tests.Login</stat>
<stat pass="6" fail="0" skip="0" id="s1-s3" name="Register">Tests.Register</stat>
</suite>
</statistics>
<errors>
</errors>
</robot>
