<?xml version="1.0" encoding="UTF-8"?>
<robot generator="Robot 6.1.1 (Python 3.11.5 on darwin)" generated="20231117 11:44:52.405" rpa="false" schemaversion="4">
<suite id="s1" name="Tests" source="/Users/annis/ohtu23_palautukset/viikko3/web-login/src/tests">
<suite id="s1-s1" name="Home" source="/Users/annis/ohtu23_palautukset/viikko3/web-login/src/tests/home.robot">
<kw name="Open And Configure Browser" library="resource" type="SETUP">
<kw name="Evaluate" library="BuiltIn">
<var>${options}</var>
<arg>sys.modules['selenium.webdriver'].ChromeOptions()</arg>
<arg>sys</arg>
<doc>Evaluates the given expression in Python and returns the result.</doc>
<msg timestamp="20231117 11:44:52.621" level="INFO">${options} = &lt;selenium.webdriver.chrome.options.Options object at 0x104c45c10&gt;</msg>
<status status="PASS" starttime="20231117 11:44:52.620" endtime="20231117 11:44:52.621"/>
</kw>
<kw name="Call Method" library="BuiltIn">
<arg>${options}</arg>
<arg>add_argument</arg>
<arg>--no-sandbox</arg>
<doc>Calls the named method of the given object with the provided arguments.</doc>
<status status="PASS" starttime="20231117 11:44:52.621" endtime="20231117 11:44:52.621"/>
</kw>
<kw name="Call Method" library="BuiltIn">
<arg>${options}</arg>
<arg>add_argument</arg>
<arg>--headless</arg>
<doc>Calls the named method of the given object with the provided arguments.</doc>
<status status="PASS" starttime="20231117 11:44:52.621" endtime="20231117 11:44:52.622"/>
</kw>
<kw name="Open Browser" library="SeleniumLibrary">
<arg>browser=chrome</arg>
<arg>options=${options}</arg>
<doc>Opens a new browser instance to the optional ``url``.</doc>
<msg timestamp="20231117 11:44:52.622" level="INFO">Opening browser 'chrome' to base url 'None'.</msg>
<status status="PASS" starttime="20231117 11:44:52.622" endtime="20231117 11:44:53.872"/>
</kw>
<kw name="Set Selenium Speed" library="SeleniumLibrary">
<arg>${DELAY}</arg>
<doc>Sets the delay that is waited after each Selenium command.</doc>
<status status="PASS" starttime="20231117 11:44:53.873" endtime="20231117 11:44:53.874"/>
</kw>
<status status="PASS" starttime="20231117 11:44:52.620" endtime="20231117 11:44:53.874"/>
</kw>
<test id="s1-s1-t1" name="Click Login Link" line="10">
<kw name="Go To Main Page" library="resource" type="SETUP">
<kw name="Go To" library="SeleniumLibrary">
<arg>${HOME_URL}</arg>
<doc>Navigates the current browser window to the provided ``url``.</doc>
<msg timestamp="20231117 11:44:53.877" level="INFO">Opening url 'http://localhost:5001'</msg>
<status status="PASS" starttime="20231117 11:44:53.877" endtime="20231117 11:44:54.054"/>
</kw>
<status status="PASS" starttime="20231117 11:44:53.876" endtime="20231117 11:44:54.054"/>
</kw>
<kw name="Click Link" library="SeleniumLibrary">
<arg>Login</arg>
<doc>Clicks a link identified by ``locator``.</doc>
<msg timestamp="20231117 11:44:54.055" level="INFO">Clicking link 'Login'.</msg>
<status status="PASS" starttime="20231117 11:44:54.054" endtime="20231117 11:44:54.162"/>
</kw>
<kw name="Login Page Should Be Open" library="resource">
<kw name="Title Should Be" library="SeleniumLibrary">
<arg>Login</arg>
<doc>Verifies that the current page title equals ``title``.</doc>
<msg timestamp="20231117 11:44:54.170" level="INFO">Page title is 'Login'.</msg>
<status status="PASS" starttime="20231117 11:44:54.163" endtime="20231117 11:44:54.170"/>
</kw>
<status status="PASS" starttime="20231117 11:44:54.162" endtime="20231117 11:44:54.170"/>
</kw>
<status status="PASS" starttime="20231117 11:44:53.875" endtime="20231117 11:44:54.171"/>
</test>
<test id="s1-s1-t2" name="Click Register Link" line="14">
<kw name="Go To Main Page" library="resource" type="SETUP">
<kw name="Go To" library="SeleniumLibrary">
<arg>${HOME_URL}</arg>
<doc>Navigates the current browser window to the provided ``url``.</doc>
<msg timestamp="20231117 11:44:54.172" level="INFO">Opening url 'http://localhost:5001'</msg>
<status status="PASS" starttime="20231117 11:44:54.172" endtime="20231117 11:44:54.190"/>
</kw>
<status status="PASS" starttime="20231117 11:44:54.172" endtime="20231117 11:44:54.190"/>
</kw>
<kw name="Click Link" library="SeleniumLibrary">
<arg>Register new user</arg>
<doc>Clicks a link identified by ``locator``.</doc>
<msg timestamp="20231117 11:44:54.191" level="INFO">Clicking link 'Register new user'.</msg>
<status status="PASS" starttime="20231117 11:44:54.191" endtime="20231117 11:44:54.259"/>
</kw>
<kw name="Register Page Should Be Open" library="resource">
<kw name="Title Should Be" library="SeleniumLibrary">
<arg>Register</arg>
<doc>Verifies that the current page title equals ``title``.</doc>
<msg timestamp="20231117 11:44:54.266" level="INFO">Page title is 'Register'.</msg>
<status status="PASS" starttime="20231117 11:44:54.259" endtime="20231117 11:44:54.266"/>
</kw>
<status status="PASS" starttime="20231117 11:44:54.259" endtime="20231117 11:44:54.266"/>
</kw>
<status status="PASS" starttime="20231117 11:44:54.171" endtime="20231117 11:44:54.266"/>
</test>
<kw name="Close Browser" library="SeleniumLibrary" type="TEARDOWN">
<doc>Closes the current browser.</doc>
<status status="PASS" starttime="20231117 11:44:54.267" endtime="20231117 11:44:54.337"/>
</kw>
<status status="PASS" starttime="20231117 11:44:52.427" endtime="20231117 11:44:54.337"/>
</suite>
<suite id="s1-s2" name="Login" source="/Users/annis/ohtu23_palautukset/viikko3/web-login/src/tests/login.robot">
<kw name="Open And Configure Browser" library="resource" type="SETUP">
<kw name="Evaluate" library="BuiltIn">
<var>${options}</var>
<arg>sys.modules['selenium.webdriver'].ChromeOptions()</arg>
<arg>sys</arg>
<doc>Evaluates the given expression in Python and returns the result.</doc>
<msg timestamp="20231117 11:44:54.347" level="INFO">${options} = &lt;selenium.webdriver.chrome.options.Options object at 0x104636a10&gt;</msg>
<status status="PASS" starttime="20231117 11:44:54.347" endtime="20231117 11:44:54.347"/>
</kw>
<kw name="Call Method" library="BuiltIn">
<arg>${options}</arg>
<arg>add_argument</arg>
<arg>--no-sandbox</arg>
<doc>Calls the named method of the given object with the provided arguments.</doc>
<status status="PASS" starttime="20231117 11:44:54.347" endtime="20231117 11:44:54.347"/>
</kw>
<kw name="Call Method" library="BuiltIn">
<arg>${options}</arg>
<arg>add_argument</arg>
<arg>--headless</arg>
<doc>Calls the named method of the given object with the provided arguments.</doc>
<status status="PASS" starttime="20231117 11:44:54.347" endtime="20231117 11:44:54.348"/>
</kw>
<kw name="Open Browser" library="SeleniumLibrary">
<arg>browser=chrome</arg>
<arg>options=${options}</arg>
<doc>Opens a new browser instance to the optional ``url``.</doc>
<msg timestamp="20231117 11:44:54.348" level="INFO">Opening browser 'chrome' to base url 'None'.</msg>
<status status="PASS" starttime="20231117 11:44:54.348" endtime="20231117 11:44:55.648"/>
</kw>
<kw name="Set Selenium Speed" library="SeleniumLibrary">
<arg>${DELAY}</arg>
<doc>Sets the delay that is waited after each Selenium command.</doc>
<status status="PASS" starttime="20231117 11:44:55.649" endtime="20231117 11:44:55.650"/>
</kw>
<status status="PASS" starttime="20231117 11:44:54.346" endtime="20231117 11:44:55.650"/>
</kw>
<test id="s1-s2-t1" name="Login With Correct Credentials" line="11">
<kw name="Create User And Go To Login Page" type="SETUP">
<kw name="Create User" library="AppLibrary">
<arg>kalle</arg>
<arg>kalle123</arg>
<status status="PASS" starttime="20231117 11:44:55.652" endtime="20231117 11:44:55.673"/>
</kw>
<kw name="Go To Login Page" library="resource">
<kw name="Go To" library="SeleniumLibrary">
<arg>${LOGIN_URL}</arg>
<doc>Navigates the current browser window to the provided ``url``.</doc>
<msg timestamp="20231117 11:44:55.674" level="INFO">Opening url 'http://localhost:5001/login'</msg>
<status status="PASS" starttime="20231117 11:44:55.674" endtime="20231117 11:44:55.847"/>
</kw>
<status status="PASS" starttime="20231117 11:44:55.674" endtime="20231117 11:44:55.847"/>
</kw>
<kw name="Login Page Should Be Open" library="resource">
<kw name="Title Should Be" library="SeleniumLibrary">
<arg>Login</arg>
<doc>Verifies that the current page title equals ``title``.</doc>
<msg timestamp="20231117 11:44:55.857" level="INFO">Page title is 'Login'.</msg>
<status status="PASS" starttime="20231117 11:44:55.848" endtime="20231117 11:44:55.857"/>
</kw>
<status status="PASS" starttime="20231117 11:44:55.847" endtime="20231117 11:44:55.857"/>
</kw>
<status status="PASS" starttime="20231117 11:44:55.652" endtime="20231117 11:44:55.857"/>
</kw>
<kw name="Set Login Username" library="login_resource">
<arg>kalle</arg>
<kw name="Input Text" library="SeleniumLibrary">
<arg>username</arg>
<arg>${username}</arg>
<doc>Types the given ``text`` into the text field identified by ``locator``.</doc>
<msg timestamp="20231117 11:44:55.859" level="INFO">Typing text 'kalle' into text field 'username'.</msg>
<status status="PASS" starttime="20231117 11:44:55.858" endtime="20231117 11:44:56.047"/>
</kw>
<status status="PASS" starttime="20231117 11:44:55.857" endtime="20231117 11:44:56.047"/>
</kw>
<kw name="Set Login Password" library="login_resource">
<arg>kalle123</arg>
<kw name="Input Password" library="SeleniumLibrary">
<arg>password</arg>
<arg>${password}</arg>
<doc>Types the given password into the text field identified by ``locator``.</doc>
<msg timestamp="20231117 11:44:56.048" level="INFO">Typing password into text field 'password'.</msg>
<msg timestamp="20231117 11:44:56.082" level="INFO">Temporally setting log level to: NONE</msg>
<msg timestamp="20231117 11:44:56.226" level="INFO">Log level changed from NONE to INFO.</msg>
<status status="PASS" starttime="20231117 11:44:56.047" endtime="20231117 11:44:56.226"/>
</kw>
<status status="PASS" starttime="20231117 11:44:56.047" endtime="20231117 11:44:56.227"/>
</kw>
<kw name="Submit Login Credentials" library="login_resource">
<kw name="Click Button" library="SeleniumLibrary">
<arg>Login</arg>
<doc>Clicks the button identified by ``locator``.</doc>
<msg timestamp="20231117 11:44:56.227" level="INFO">Clicking button 'Login'.</msg>
<status status="PASS" starttime="20231117 11:44:56.227" endtime="20231117 11:44:56.307"/>
</kw>
<status status="PASS" starttime="20231117 11:44:56.227" endtime="20231117 11:44:56.307"/>
</kw>
<kw name="Login Should Succeed" library="login_resource">
<kw name="Main Page Should Be Open" library="resource">
<kw name="Title Should Be" library="SeleniumLibrary">
<arg>Ohtu Application main page</arg>
<doc>Verifies that the current page title equals ``title``.</doc>
<msg timestamp="20231117 11:44:56.312" level="INFO">Page title is 'Ohtu Application main page'.</msg>
<status status="PASS" starttime="20231117 11:44:56.307" endtime="20231117 11:44:56.312"/>
</kw>
<status status="PASS" starttime="20231117 11:44:56.307" endtime="20231117 11:44:56.312"/>
</kw>
<status status="PASS" starttime="20231117 11:44:56.307" endtime="20231117 11:44:56.312"/>
</kw>
<status status="PASS" starttime="20231117 11:44:55.650" endtime="20231117 11:44:56.312"/>
</test>
<test id="s1-s2-t2" name="Login With Incorrect Password" line="17">
<kw name="Create User And Go To Login Page" type="SETUP">
<kw name="Create User" library="AppLibrary">
<arg>kalle</arg>
<arg>kalle123</arg>
<status status="PASS" starttime="20231117 11:44:56.313" endtime="20231117 11:44:56.333"/>
</kw>
<kw name="Go To Login Page" library="resource">
<kw name="Go To" library="SeleniumLibrary">
<arg>${LOGIN_URL}</arg>
<doc>Navigates the current browser window to the provided ``url``.</doc>
<msg timestamp="20231117 11:44:56.334" level="INFO">Opening url 'http://localhost:5001/login'</msg>
<status status="PASS" starttime="20231117 11:44:56.334" endtime="20231117 11:44:56.354"/>
</kw>
<status status="PASS" starttime="20231117 11:44:56.333" endtime="20231117 11:44:56.355"/>
</kw>
<kw name="Login Page Should Be Open" library="resource">
<kw name="Title Should Be" library="SeleniumLibrary">
<arg>Login</arg>
<doc>Verifies that the current page title equals ``title``.</doc>
<msg timestamp="20231117 11:44:56.361" level="INFO">Page title is 'Login'.</msg>
<status status="PASS" starttime="20231117 11:44:56.355" endtime="20231117 11:44:56.361"/>
</kw>
<status status="PASS" starttime="20231117 11:44:56.355" endtime="20231117 11:44:56.361"/>
</kw>
<status status="PASS" starttime="20231117 11:44:56.313" endtime="20231117 11:44:56.361"/>
</kw>
<kw name="Set Login Username" library="login_resource">
<arg>kalle</arg>
<kw name="Input Text" library="SeleniumLibrary">
<arg>username</arg>
<arg>${username}</arg>
<doc>Types the given ``text`` into the text field identified by ``locator``.</doc>
<msg timestamp="20231117 11:44:56.362" level="INFO">Typing text 'kalle' into text field 'username'.</msg>
<status status="PASS" starttime="20231117 11:44:56.361" endtime="20231117 11:44:56.439"/>
</kw>
<status status="PASS" starttime="20231117 11:44:56.361" endtime="20231117 11:44:56.440"/>
</kw>
<kw name="Set Login Password" library="login_resource">
<arg>kalle456</arg>
<kw name="Input Password" library="SeleniumLibrary">
<arg>password</arg>
<arg>${password}</arg>
<doc>Types the given password into the text field identified by ``locator``.</doc>
<msg timestamp="20231117 11:44:56.440" level="INFO">Typing password into text field 'password'.</msg>
<msg timestamp="20231117 11:44:56.468" level="INFO">Temporally setting log level to: NONE</msg>
<msg timestamp="20231117 11:44:56.512" level="INFO">Log level changed from NONE to INFO.</msg>
<status status="PASS" starttime="20231117 11:44:56.440" endtime="20231117 11:44:56.512"/>
</kw>
<status status="PASS" starttime="20231117 11:44:56.440" endtime="20231117 11:44:56.512"/>
</kw>
<kw name="Submit Login Credentials" library="login_resource">
<kw name="Click Button" library="SeleniumLibrary">
<arg>Login</arg>
<doc>Clicks the button identified by ``locator``.</doc>
<msg timestamp="20231117 11:44:56.513" level="INFO">Clicking button 'Login'.</msg>
<status status="PASS" starttime="20231117 11:44:56.512" endtime="20231117 11:44:56.576"/>
</kw>
<status status="PASS" starttime="20231117 11:44:56.512" endtime="20231117 11:44:56.576"/>
</kw>
<kw name="Login Should Fail With Message" library="login_resource">
<arg>Invalid username or password</arg>
<kw name="Login Page Should Be Open" library="resource">
<kw name="Title Should Be" library="SeleniumLibrary">
<arg>Login</arg>
<doc>Verifies that the current page title equals ``title``.</doc>
<msg timestamp="20231117 11:44:56.581" level="INFO">Page title is 'Login'.</msg>
<status status="PASS" starttime="20231117 11:44:56.576" endtime="20231117 11:44:56.581"/>
</kw>
<status status="PASS" starttime="20231117 11:44:56.576" endtime="20231117 11:44:56.581"/>
</kw>
<kw name="Page Should Contain" library="SeleniumLibrary">
<arg>${message}</arg>
<doc>Verifies that current page contains ``text``.</doc>
<msg timestamp="20231117 11:44:56.596" level="INFO">Current page contains text 'Invalid username or password'.</msg>
<status status="PASS" starttime="20231117 11:44:56.581" endtime="20231117 11:44:56.596"/>
</kw>
<status status="PASS" starttime="20231117 11:44:56.576" endtime="20231117 11:44:56.596"/>
</kw>
<status status="PASS" starttime="20231117 11:44:56.313" endtime="20231117 11:44:56.597"/>
</test>
<test id="s1-s2-t3" name="Login With Nonexistent Username" line="23">
<kw name="Create User And Go To Login Page" type="SETUP">
<kw name="Create User" library="AppLibrary">
<arg>kalle</arg>
<arg>kalle123</arg>
<status status="PASS" starttime="20231117 11:44:56.598" endtime="20231117 11:44:56.618"/>
</kw>
<kw name="Go To Login Page" library="resource">
<kw name="Go To" library="SeleniumLibrary">
<arg>${LOGIN_URL}</arg>
<doc>Navigates the current browser window to the provided ``url``.</doc>
<msg timestamp="20231117 11:44:56.618" level="INFO">Opening url 'http://localhost:5001/login'</msg>
<status status="PASS" starttime="20231117 11:44:56.618" endtime="20231117 11:44:56.639"/>
</kw>
<status status="PASS" starttime="20231117 11:44:56.618" endtime="20231117 11:44:56.639"/>
</kw>
<kw name="Login Page Should Be Open" library="resource">
<kw name="Title Should Be" library="SeleniumLibrary">
<arg>Login</arg>
<doc>Verifies that the current page title equals ``title``.</doc>
<msg timestamp="20231117 11:44:56.647" level="INFO">Page title is 'Login'.</msg>
<status status="PASS" starttime="20231117 11:44:56.640" endtime="20231117 11:44:56.647"/>
</kw>
<status status="PASS" starttime="20231117 11:44:56.639" endtime="20231117 11:44:56.647"/>
</kw>
<status status="PASS" starttime="20231117 11:44:56.598" endtime="20231117 11:44:56.647"/>
</kw>
<kw name="Set Login Username" library="login_resource">
<arg>testuser</arg>
<kw name="Input Text" library="SeleniumLibrary">
<arg>username</arg>
<arg>${username}</arg>
<doc>Types the given ``text`` into the text field identified by ``locator``.</doc>
<msg timestamp="20231117 11:44:56.648" level="INFO">Typing text 'testuser' into text field 'username'.</msg>
<status status="PASS" starttime="20231117 11:44:56.648" endtime="20231117 11:44:56.724"/>
</kw>
<status status="PASS" starttime="20231117 11:44:56.647" endtime="20231117 11:44:56.724"/>
</kw>
<kw name="Set Login Password" library="login_resource">
<arg>password</arg>
<kw name="Input Password" library="SeleniumLibrary">
<arg>password</arg>
<arg>${password}</arg>
<doc>Types the given password into the text field identified by ``locator``.</doc>
<msg timestamp="20231117 11:44:56.725" level="INFO">Typing password into text field 'password'.</msg>
<msg timestamp="20231117 11:44:56.753" level="INFO">Temporally setting log level to: NONE</msg>
<msg timestamp="20231117 11:44:56.796" level="INFO">Log level changed from NONE to INFO.</msg>
<status status="PASS" starttime="20231117 11:44:56.724" endtime="20231117 11:44:56.796"/>
</kw>
<status status="PASS" starttime="20231117 11:44:56.724" endtime="20231117 11:44:56.796"/>
</kw>
<kw name="Submit Login Credentials" library="login_resource">
<kw name="Click Button" library="SeleniumLibrary">
<arg>Login</arg>
<doc>Clicks the button identified by ``locator``.</doc>
<msg timestamp="20231117 11:44:56.797" level="INFO">Clicking button 'Login'.</msg>
<status status="PASS" starttime="20231117 11:44:56.797" endtime="20231117 11:44:56.860"/>
</kw>
<status status="PASS" starttime="20231117 11:44:56.797" endtime="20231117 11:44:56.860"/>
</kw>
<kw name="Login Should Fail With Message" library="login_resource">
<arg>Invalid username or password</arg>
<kw name="Login Page Should Be Open" library="resource">
<kw name="Title Should Be" library="SeleniumLibrary">
<arg>Login</arg>
<doc>Verifies that the current page title equals ``title``.</doc>
<msg timestamp="20231117 11:44:56.865" level="INFO">Page title is 'Login'.</msg>
<status status="PASS" starttime="20231117 11:44:56.860" endtime="20231117 11:44:56.865"/>
</kw>
<status status="PASS" starttime="20231117 11:44:56.860" endtime="20231117 11:44:56.865"/>
</kw>
<kw name="Page Should Contain" library="SeleniumLibrary">
<arg>${message}</arg>
<doc>Verifies that current page contains ``text``.</doc>
<msg timestamp="20231117 11:44:56.876" level="INFO">Current page contains text 'Invalid username or password'.</msg>
<status status="PASS" starttime="20231117 11:44:56.865" endtime="20231117 11:44:56.876"/>
</kw>
<status status="PASS" starttime="20231117 11:44:56.860" endtime="20231117 11:44:56.876"/>
</kw>
<status status="PASS" starttime="20231117 11:44:56.597" endtime="20231117 11:44:56.877"/>
</test>
<kw name="Close Browser" library="SeleniumLibrary" type="TEARDOWN">
<doc>Closes the current browser.</doc>
<status status="PASS" starttime="20231117 11:44:56.877" endtime="20231117 11:44:56.956"/>
</kw>
<status status="PASS" starttime="20231117 11:44:54.338" endtime="20231117 11:44:56.957"/>
</suite>
<suite id="s1-s3" name="Register" source="/Users/annis/ohtu23_palautukset/viikko3/web-login/src/tests/register.robot">
<kw name="Open And Configure Browser" library="resource" type="SETUP">
<kw name="Evaluate" library="BuiltIn">
<var>${options}</var>
<arg>sys.modules['selenium.webdriver'].ChromeOptions()</arg>
<arg>sys</arg>
<doc>Evaluates the given expression in Python and returns the result.</doc>
<msg timestamp="20231117 11:44:56.965" level="INFO">${options} = &lt;selenium.webdriver.chrome.options.Options object at 0x104c89810&gt;</msg>
<status status="PASS" starttime="20231117 11:44:56.965" endtime="20231117 11:44:56.965"/>
</kw>
<kw name="Call Method" library="BuiltIn">
<arg>${options}</arg>
<arg>add_argument</arg>
<arg>--no-sandbox</arg>
<doc>Calls the named method of the given object with the provided arguments.</doc>
<status status="PASS" starttime="20231117 11:44:56.966" endtime="20231117 11:44:56.966"/>
</kw>
<kw name="Call Method" library="BuiltIn">
<arg>${options}</arg>
<arg>add_argument</arg>
<arg>--headless</arg>
<doc>Calls the named method of the given object with the provided arguments.</doc>
<status status="PASS" starttime="20231117 11:44:56.966" endtime="20231117 11:44:56.966"/>
</kw>
<kw name="Open Browser" library="SeleniumLibrary">
<arg>browser=chrome</arg>
<arg>options=${options}</arg>
<doc>Opens a new browser instance to the optional ``url``.</doc>
<msg timestamp="20231117 11:44:56.967" level="INFO">Opening browser 'chrome' to base url 'None'.</msg>
<status status="PASS" starttime="20231117 11:44:56.966" endtime="20231117 11:44:58.202"/>
</kw>
<kw name="Set Selenium Speed" library="SeleniumLibrary">
<arg>${DELAY}</arg>
<doc>Sets the delay that is waited after each Selenium command.</doc>
<status status="PASS" starttime="20231117 11:44:58.202" endtime="20231117 11:44:58.203"/>
</kw>
<status status="PASS" starttime="20231117 11:44:56.965" endtime="20231117 11:44:58.203"/>
</kw>
<test id="s1-s3-t1" name="Register With Valid Username And Password" line="11">
<kw name="Go To Register Page" library="resource" type="SETUP">
<kw name="Go To" library="SeleniumLibrary">
<arg>${REGISTER_URL}</arg>
<doc>Navigates the current browser window to the provided ``url``.</doc>
<msg timestamp="20231117 11:44:58.205" level="INFO">Opening url 'http://localhost:5001/register'</msg>
<status status="PASS" starttime="20231117 11:44:58.205" endtime="20231117 11:44:58.379"/>
</kw>
<status status="PASS" starttime="20231117 11:44:58.205" endtime="20231117 11:44:58.379"/>
</kw>
<kw name="Set Username">
<arg>testuser</arg>
<kw name="Input Text" library="SeleniumLibrary">
<arg>username</arg>
<arg>${username}</arg>
<doc>Types the given ``text`` into the text field identified by ``locator``.</doc>
<msg timestamp="20231117 11:44:58.381" level="INFO">Typing text 'testuser' into text field 'username'.</msg>
<status status="PASS" starttime="20231117 11:44:58.380" endtime="20231117 11:44:58.571"/>
</kw>
<status status="PASS" starttime="20231117 11:44:58.380" endtime="20231117 11:44:58.571"/>
</kw>
<kw name="Set Password">
<arg>password123</arg>
<kw name="Input Password" library="SeleniumLibrary">
<arg>password</arg>
<arg>${password}</arg>
<doc>Types the given password into the text field identified by ``locator``.</doc>
<msg timestamp="20231117 11:44:58.572" level="INFO">Typing password into text field 'password'.</msg>
<msg timestamp="20231117 11:44:58.605" level="INFO">Temporally setting log level to: NONE</msg>
<msg timestamp="20231117 11:44:58.755" level="INFO">Log level changed from NONE to INFO.</msg>
<status status="PASS" starttime="20231117 11:44:58.571" endtime="20231117 11:44:58.755"/>
</kw>
<status status="PASS" starttime="20231117 11:44:58.571" endtime="20231117 11:44:58.755"/>
</kw>
<kw name="Confirm Password">
<arg>password123</arg>
<kw name="Input Password" library="SeleniumLibrary">
<arg>password_confirmation</arg>
<arg>${password}</arg>
<doc>Types the given password into the text field identified by ``locator``.</doc>
<msg timestamp="20231117 11:44:58.756" level="INFO">Typing password into text field 'password_confirmation'.</msg>
<msg timestamp="20231117 11:44:58.786" level="INFO">Temporally setting log level to: NONE</msg>
<msg timestamp="20231117 11:44:58.833" level="INFO">Log level changed from NONE to INFO.</msg>
<status status="PASS" starttime="20231117 11:44:58.755" endtime="20231117 11:44:58.834"/>
</kw>
<status status="PASS" starttime="20231117 11:44:58.755" endtime="20231117 11:44:58.834"/>
</kw>
<kw name="Submit Credentials">
<kw name="Click Button" library="SeleniumLibrary">
<arg>Register</arg>
<doc>Clicks the button identified by ``locator``.</doc>
<msg timestamp="20231117 11:44:58.834" level="INFO">Clicking button 'Register'.</msg>
<status status="PASS" starttime="20231117 11:44:58.834" endtime="20231117 11:44:58.919"/>
</kw>
<status status="PASS" starttime="20231117 11:44:58.834" endtime="20231117 11:44:58.920"/>
</kw>
<kw name="Registration Should Succeed">
<kw name="Welcome Page Should Be Open" library="resource">
<kw name="Title Should Be" library="SeleniumLibrary">
<arg>Welcome to Ohtu Application!</arg>
<doc>Verifies that the current page title equals ``title``.</doc>
<msg timestamp="20231117 11:44:58.934" level="INFO">Page title is 'Welcome to Ohtu Application!'.</msg>
<status status="PASS" starttime="20231117 11:44:58.921" endtime="20231117 11:44:58.934"/>
</kw>
<status status="PASS" starttime="20231117 11:44:58.920" endtime="20231117 11:44:58.934"/>
</kw>
<status status="PASS" starttime="20231117 11:44:58.920" endtime="20231117 11:44:58.934"/>
</kw>
<status status="PASS" starttime="20231117 11:44:58.204" endtime="20231117 11:44:58.934"/>
</test>
<test id="s1-s3-t2" name="Login After Successful Registration" line="18">
<kw name="Go To Register Page" library="resource" type="SETUP">
<kw name="Go To" library="SeleniumLibrary">
<arg>${REGISTER_URL}</arg>
<doc>Navigates the current browser window to the provided ``url``.</doc>
<msg timestamp="20231117 11:44:58.935" level="INFO">Opening url 'http://localhost:5001/register'</msg>
<status status="PASS" starttime="20231117 11:44:58.935" endtime="20231117 11:44:58.954"/>
</kw>
<status status="PASS" starttime="20231117 11:44:58.935" endtime="20231117 11:44:58.954"/>
</kw>
<kw name="Go To Login Page" library="resource">
<kw name="Go To" library="SeleniumLibrary">
<arg>${LOGIN_URL}</arg>
<doc>Navigates the current browser window to the provided ``url``.</doc>
<msg timestamp="20231117 11:44:58.955" level="INFO">Opening url 'http://localhost:5001/login'</msg>
<status status="PASS" starttime="20231117 11:44:58.955" endtime="20231117 11:44:58.973"/>
</kw>
<status status="PASS" starttime="20231117 11:44:58.955" endtime="20231117 11:44:58.973"/>
</kw>
<kw name="Set Login Username" library="login_resource">
<arg>testuser</arg>
<kw name="Input Text" library="SeleniumLibrary">
<arg>username</arg>
<arg>${username}</arg>
<doc>Types the given ``text`` into the text field identified by ``locator``.</doc>
<msg timestamp="20231117 11:44:58.974" level="INFO">Typing text 'testuser' into text field 'username'.</msg>
<status status="PASS" starttime="20231117 11:44:58.974" endtime="20231117 11:44:59.064"/>
</kw>
<status status="PASS" starttime="20231117 11:44:58.974" endtime="20231117 11:44:59.064"/>
</kw>
<kw name="Set Login Password" library="login_resource">
<arg>password123</arg>
<kw name="Input Password" library="SeleniumLibrary">
<arg>password</arg>
<arg>${password}</arg>
<doc>Types the given password into the text field identified by ``locator``.</doc>
<msg timestamp="20231117 11:44:59.065" level="INFO">Typing password into text field 'password'.</msg>
<msg timestamp="20231117 11:44:59.094" level="INFO">Temporally setting log level to: NONE</msg>
<msg timestamp="20231117 11:44:59.141" level="INFO">Log level changed from NONE to INFO.</msg>
<status status="PASS" starttime="20231117 11:44:59.065" endtime="20231117 11:44:59.141"/>
</kw>
<status status="PASS" starttime="20231117 11:44:59.064" endtime="20231117 11:44:59.141"/>
</kw>
<kw name="Submit Login Credentials" library="login_resource">
<kw name="Click Button" library="SeleniumLibrary">
<arg>Login</arg>
<doc>Clicks the button identified by ``locator``.</doc>
<msg timestamp="20231117 11:44:59.142" level="INFO">Clicking button 'Login'.</msg>
<status status="PASS" starttime="20231117 11:44:59.142" endtime="20231117 11:44:59.214"/>
</kw>
<status status="PASS" starttime="20231117 11:44:59.142" endtime="20231117 11:44:59.214"/>
</kw>
<kw name="Login Should Succeed" library="login_resource">
<kw name="Main Page Should Be Open" library="resource">
<kw name="Title Should Be" library="SeleniumLibrary">
<arg>Ohtu Application main page</arg>
<doc>Verifies that the current page title equals ``title``.</doc>
<msg timestamp="20231117 11:44:59.220" level="INFO">Page title is 'Ohtu Application main page'.</msg>
<status status="PASS" starttime="20231117 11:44:59.215" endtime="20231117 11:44:59.220"/>
</kw>
<status status="PASS" starttime="20231117 11:44:59.215" endtime="20231117 11:44:59.220"/>
</kw>
<status status="PASS" starttime="20231117 11:44:59.214" endtime="20231117 11:44:59.220"/>
</kw>
<status status="PASS" starttime="20231117 11:44:58.934" endtime="20231117 11:44:59.220"/>
</test>
<test id="s1-s3-t3" name="Register With Too Short Username And Valid Password" line="25">
<kw name="Go To Register Page" library="resource" type="SETUP">
<kw name="Go To" library="SeleniumLibrary">
<arg>${REGISTER_URL}</arg>
<doc>Navigates the current browser window to the provided ``url``.</doc>
<msg timestamp="20231117 11:44:59.221" level="INFO">Opening url 'http://localhost:5001/register'</msg>
<status status="PASS" starttime="20231117 11:44:59.221" endtime="20231117 11:44:59.241"/>
</kw>
<status status="PASS" starttime="20231117 11:44:59.221" endtime="20231117 11:44:59.241"/>
</kw>
<kw name="Set Username">
<arg>te</arg>
<kw name="Input Text" library="SeleniumLibrary">
<arg>username</arg>
<arg>${username}</arg>
<doc>Types the given ``text`` into the text field identified by ``locator``.</doc>
<msg timestamp="20231117 11:44:59.242" level="INFO">Typing text 'te' into text field 'username'.</msg>
<status status="PASS" starttime="20231117 11:44:59.241" endtime="20231117 11:44:59.315"/>
</kw>
<status status="PASS" starttime="20231117 11:44:59.241" endtime="20231117 11:44:59.315"/>
</kw>
<kw name="Set Password">
<arg>password123</arg>
<kw name="Input Password" library="SeleniumLibrary">
<arg>password</arg>
<arg>${password}</arg>
<doc>Types the given password into the text field identified by ``locator``.</doc>
<msg timestamp="20231117 11:44:59.316" level="INFO">Typing password into text field 'password'.</msg>
<msg timestamp="20231117 11:44:59.346" level="INFO">Temporally setting log level to: NONE</msg>
<msg timestamp="20231117 11:44:59.392" level="INFO">Log level changed from NONE to INFO.</msg>
<status status="PASS" starttime="20231117 11:44:59.316" endtime="20231117 11:44:59.392"/>
</kw>
<status status="PASS" starttime="20231117 11:44:59.315" endtime="20231117 11:44:59.392"/>
</kw>
<kw name="Confirm Password">
<arg>password123</arg>
<kw name="Input Password" library="SeleniumLibrary">
<arg>password_confirmation</arg>
<arg>${password}</arg>
<doc>Types the given password into the text field identified by ``locator``.</doc>
<msg timestamp="20231117 11:44:59.393" level="INFO">Typing password into text field 'password_confirmation'.</msg>
<msg timestamp="20231117 11:44:59.422" level="INFO">Temporally setting log level to: NONE</msg>
<msg timestamp="20231117 11:44:59.469" level="INFO">Log level changed from NONE to INFO.</msg>
<status status="PASS" starttime="20231117 11:44:59.393" endtime="20231117 11:44:59.469"/>
</kw>
<status status="PASS" starttime="20231117 11:44:59.393" endtime="20231117 11:44:59.469"/>
</kw>
<kw name="Submit Credentials">
<kw name="Click Button" library="SeleniumLibrary">
<arg>Register</arg>
<doc>Clicks the button identified by ``locator``.</doc>
<msg timestamp="20231117 11:44:59.470" level="INFO">Clicking button 'Register'.</msg>
<status status="PASS" starttime="20231117 11:44:59.469" endtime="20231117 11:44:59.532"/>
</kw>
<status status="PASS" starttime="20231117 11:44:59.469" endtime="20231117 11:44:59.532"/>
</kw>
<kw name="Registration Should Fail With Message">
<arg>Invalid username</arg>
<kw name="Register Page Should Be Open" library="resource">
<kw name="Title Should Be" library="SeleniumLibrary">
<arg>Register</arg>
<doc>Verifies that the current page title equals ``title``.</doc>
<msg timestamp="20231117 11:44:59.537" level="INFO">Page title is 'Register'.</msg>
<status status="PASS" starttime="20231117 11:44:59.533" endtime="20231117 11:44:59.537"/>
</kw>
<status status="PASS" starttime="20231117 11:44:59.532" endtime="20231117 11:44:59.537"/>
</kw>
<kw name="Page Should Contain" library="SeleniumLibrary">
<arg>${message}</arg>
<doc>Verifies that current page contains ``text``.</doc>
<msg timestamp="20231117 11:44:59.550" level="INFO">Current page contains text 'Invalid username'.</msg>
<status status="PASS" starttime="20231117 11:44:59.537" endtime="20231117 11:44:59.550"/>
</kw>
<status status="PASS" starttime="20231117 11:44:59.532" endtime="20231117 11:44:59.550"/>
</kw>
<status status="PASS" starttime="20231117 11:44:59.221" endtime="20231117 11:44:59.550"/>
</test>
<test id="s1-s3-t4" name="Login After Failed Registration" line="32">
<kw name="Go To Register Page" library="resource" type="SETUP">
<kw name="Go To" library="SeleniumLibrary">
<arg>${REGISTER_URL}</arg>
<doc>Navigates the current browser window to the provided ``url``.</doc>
<msg timestamp="20231117 11:44:59.551" level="INFO">Opening url 'http://localhost:5001/register'</msg>
<status status="PASS" starttime="20231117 11:44:59.551" endtime="20231117 11:44:59.574"/>
</kw>
<status status="PASS" starttime="20231117 11:44:59.551" endtime="20231117 11:44:59.574"/>
</kw>
<kw name="Go To Login Page" library="resource">
<kw name="Go To" library="SeleniumLibrary">
<arg>${LOGIN_URL}</arg>
<doc>Navigates the current browser window to the provided ``url``.</doc>
<msg timestamp="20231117 11:44:59.575" level="INFO">Opening url 'http://localhost:5001/login'</msg>
<status status="PASS" starttime="20231117 11:44:59.574" endtime="20231117 11:44:59.591"/>
</kw>
<status status="PASS" starttime="20231117 11:44:59.574" endtime="20231117 11:44:59.591"/>
</kw>
<kw name="Set Login Username" library="login_resource">
<arg>te</arg>
<kw name="Input Text" library="SeleniumLibrary">
<arg>username</arg>
<arg>${username}</arg>
<doc>Types the given ``text`` into the text field identified by ``locator``.</doc>
<msg timestamp="20231117 11:44:59.593" level="INFO">Typing text 'te' into text field 'username'.</msg>
<status status="PASS" starttime="20231117 11:44:59.592" endtime="20231117 11:44:59.666"/>
</kw>
<status status="PASS" starttime="20231117 11:44:59.592" endtime="20231117 11:44:59.666"/>
</kw>
<kw name="Set Login Password" library="login_resource">
<arg>password123</arg>
<kw name="Input Password" library="SeleniumLibrary">
<arg>password</arg>
<arg>${password}</arg>
<doc>Types the given password into the text field identified by ``locator``.</doc>
<msg timestamp="20231117 11:44:59.667" level="INFO">Typing password into text field 'password'.</msg>
<msg timestamp="20231117 11:44:59.697" level="INFO">Temporally setting log level to: NONE</msg>
<msg timestamp="20231117 11:44:59.741" level="INFO">Log level changed from NONE to INFO.</msg>
<status status="PASS" starttime="20231117 11:44:59.667" endtime="20231117 11:44:59.741"/>
</kw>
<status status="PASS" starttime="20231117 11:44:59.666" endtime="20231117 11:44:59.741"/>
</kw>
<kw name="Submit Login Credentials" library="login_resource">
<kw name="Click Button" library="SeleniumLibrary">
<arg>Login</arg>
<doc>Clicks the button identified by ``locator``.</doc>
<msg timestamp="20231117 11:44:59.742" level="INFO">Clicking button 'Login'.</msg>
<status status="PASS" starttime="20231117 11:44:59.742" endtime="20231117 11:44:59.803"/>
</kw>
<status status="PASS" starttime="20231117 11:44:59.742" endtime="20231117 11:44:59.803"/>
</kw>
<kw name="Login Should Fail With Message" library="login_resource">
<arg>Invalid username or password</arg>
<kw name="Login Page Should Be Open" library="resource">
<kw name="Title Should Be" library="SeleniumLibrary">
<arg>Login</arg>
<doc>Verifies that the current page title equals ``title``.</doc>
<msg timestamp="20231117 11:44:59.808" level="INFO">Page title is 'Login'.</msg>
<status status="PASS" starttime="20231117 11:44:59.804" endtime="20231117 11:44:59.808"/>
</kw>
<status status="PASS" starttime="20231117 11:44:59.803" endtime="20231117 11:44:59.808"/>
</kw>
<kw name="Page Should Contain" library="SeleniumLibrary">
<arg>${message}</arg>
<doc>Verifies that current page contains ``text``.</doc>
<msg timestamp="20231117 11:44:59.823" level="INFO">Current page contains text 'Invalid username or password'.</msg>
<status status="PASS" starttime="20231117 11:44:59.808" endtime="20231117 11:44:59.823"/>
</kw>
<status status="PASS" starttime="20231117 11:44:59.803" endtime="20231117 11:44:59.823"/>
</kw>
<status status="PASS" starttime="20231117 11:44:59.551" endtime="20231117 11:44:59.824"/>
</test>
<test id="s1-s3-t5" name="Register With Valid Username And Invalid Password" line="39">
<kw name="Go To Register Page" library="resource" type="SETUP">
<kw name="Go To" library="SeleniumLibrary">
<arg>${REGISTER_URL}</arg>
<doc>Navigates the current browser window to the provided ``url``.</doc>
<msg timestamp="20231117 11:44:59.826" level="INFO">Opening url 'http://localhost:5001/register'</msg>
<status status="PASS" starttime="20231117 11:44:59.826" endtime="20231117 11:44:59.845"/>
</kw>
<status status="PASS" starttime="20231117 11:44:59.825" endtime="20231117 11:44:59.845"/>
</kw>
<kw name="Set Username">
<arg>testikayttaja</arg>
<kw name="Input Text" library="SeleniumLibrary">
<arg>username</arg>
<arg>${username}</arg>
<doc>Types the given ``text`` into the text field identified by ``locator``.</doc>
<msg timestamp="20231117 11:44:59.846" level="INFO">Typing text 'testikayttaja' into text field 'username'.</msg>
<status status="PASS" starttime="20231117 11:44:59.845" endtime="20231117 11:44:59.929"/>
</kw>
<status status="PASS" starttime="20231117 11:44:59.845" endtime="20231117 11:44:59.929"/>
</kw>
<kw name="Set Password">
<arg>password</arg>
<kw name="Input Password" library="SeleniumLibrary">
<arg>password</arg>
<arg>${password}</arg>
<doc>Types the given password into the text field identified by ``locator``.</doc>
<msg timestamp="20231117 11:44:59.930" level="INFO">Typing password into text field 'password'.</msg>
<msg timestamp="20231117 11:44:59.960" level="INFO">Temporally setting log level to: NONE</msg>
<msg timestamp="20231117 11:45:00.007" level="INFO">Log level changed from NONE to INFO.</msg>
<status status="PASS" starttime="20231117 11:44:59.930" endtime="20231117 11:45:00.007"/>
</kw>
<status status="PASS" starttime="20231117 11:44:59.929" endtime="20231117 11:45:00.007"/>
</kw>
<kw name="Confirm Password">
<arg>password</arg>
<kw name="Input Password" library="SeleniumLibrary">
<arg>password_confirmation</arg>
<arg>${password}</arg>
<doc>Types the given password into the text field identified by ``locator``.</doc>
<msg timestamp="20231117 11:45:00.008" level="INFO">Typing password into text field 'password_confirmation'.</msg>
<msg timestamp="20231117 11:45:00.040" level="INFO">Temporally setting log level to: NONE</msg>
<msg timestamp="20231117 11:45:00.083" level="INFO">Log level changed from NONE to INFO.</msg>
<status status="PASS" starttime="20231117 11:45:00.008" endtime="20231117 11:45:00.083"/>
</kw>
<status status="PASS" starttime="20231117 11:45:00.007" endtime="20231117 11:45:00.083"/>
</kw>
<kw name="Submit Credentials">
<kw name="Click Button" library="SeleniumLibrary">
<arg>Register</arg>
<doc>Clicks the button identified by ``locator``.</doc>
<msg timestamp="20231117 11:45:00.084" level="INFO">Clicking button 'Register'.</msg>
<status status="PASS" starttime="20231117 11:45:00.083" endtime="20231117 11:45:00.148"/>
</kw>
<status status="PASS" starttime="20231117 11:45:00.083" endtime="20231117 11:45:00.148"/>
</kw>
<kw name="Registration Should Fail With Message">
<arg>Invalid password</arg>
<kw name="Register Page Should Be Open" library="resource">
<kw name="Title Should Be" library="SeleniumLibrary">
<arg>Register</arg>
<doc>Verifies that the current page title equals ``title``.</doc>
<msg timestamp="20231117 11:45:00.153" level="INFO">Page title is 'Register'.</msg>
<status status="PASS" starttime="20231117 11:45:00.149" endtime="20231117 11:45:00.153"/>
</kw>
<status status="PASS" starttime="20231117 11:45:00.148" endtime="20231117 11:45:00.153"/>
</kw>
<kw name="Page Should Contain" library="SeleniumLibrary">
<arg>${message}</arg>
<doc>Verifies that current page contains ``text``.</doc>
<msg timestamp="20231117 11:45:00.167" level="INFO">Current page contains text 'Invalid password'.</msg>
<status status="PASS" starttime="20231117 11:45:00.154" endtime="20231117 11:45:00.168"/>
</kw>
<status status="PASS" starttime="20231117 11:45:00.148" endtime="20231117 11:45:00.168"/>
</kw>
<status status="PASS" starttime="20231117 11:44:59.824" endtime="20231117 11:45:00.168"/>
</test>
<test id="s1-s3-t6" name="Register With Nonmatching Password And Password Confirmation" line="46">
<kw name="Go To Register Page" library="resource" type="SETUP">
<kw name="Go To" library="SeleniumLibrary">
<arg>${REGISTER_URL}</arg>
<doc>Navigates the current browser window to the provided ``url``.</doc>
<msg timestamp="20231117 11:45:00.170" level="INFO">Opening url 'http://localhost:5001/register'</msg>
<status status="PASS" starttime="20231117 11:45:00.170" endtime="20231117 11:45:00.189"/>
</kw>
<status status="PASS" starttime="20231117 11:45:00.169" endtime="20231117 11:45:00.190"/>
</kw>
<kw name="Set Username">
<arg>tokatesti</arg>
<kw name="Input Text" library="SeleniumLibrary">
<arg>username</arg>
<arg>${username}</arg>
<doc>Types the given ``text`` into the text field identified by ``locator``.</doc>
<msg timestamp="20231117 11:45:00.191" level="INFO">Typing text 'tokatesti' into text field 'username'.</msg>
<status status="PASS" starttime="20231117 11:45:00.190" endtime="20231117 11:45:00.272"/>
</kw>
<status status="PASS" starttime="20231117 11:45:00.190" endtime="20231117 11:45:00.272"/>
</kw>
<kw name="Set Password">
<arg>salasana222</arg>
<kw name="Input Password" library="SeleniumLibrary">
<arg>password</arg>
<arg>${password}</arg>
<doc>Types the given password into the text field identified by ``locator``.</doc>
<msg timestamp="20231117 11:45:00.273" level="INFO">Typing password into text field 'password'.</msg>
<msg timestamp="20231117 11:45:00.301" level="INFO">Temporally setting log level to: NONE</msg>
<msg timestamp="20231117 11:45:00.349" level="INFO">Log level changed from NONE to INFO.</msg>
<status status="PASS" starttime="20231117 11:45:00.273" endtime="20231117 11:45:00.349"/>
</kw>
<status status="PASS" starttime="20231117 11:45:00.272" endtime="20231117 11:45:00.350"/>
</kw>
<kw name="Confirm Password">
<arg>salasana123</arg>
<kw name="Input Password" library="SeleniumLibrary">
<arg>password_confirmation</arg>
<arg>${password}</arg>
<doc>Types the given password into the text field identified by ``locator``.</doc>
<msg timestamp="20231117 11:45:00.350" level="INFO">Typing password into text field 'password_confirmation'.</msg>
<msg timestamp="20231117 11:45:00.378" level="INFO">Temporally setting log level to: NONE</msg>
<msg timestamp="20231117 11:45:00.425" level="INFO">Log level changed from NONE to INFO.</msg>
<status status="PASS" starttime="20231117 11:45:00.350" endtime="20231117 11:45:00.425"/>
</kw>
<status status="PASS" starttime="20231117 11:45:00.350" endtime="20231117 11:45:00.425"/>
</kw>
<kw name="Submit Credentials">
<kw name="Click Button" library="SeleniumLibrary">
<arg>Register</arg>
<doc>Clicks the button identified by ``locator``.</doc>
<msg timestamp="20231117 11:45:00.426" level="INFO">Clicking button 'Register'.</msg>
<status status="PASS" starttime="20231117 11:45:00.426" endtime="20231117 11:45:00.488"/>
</kw>
<status status="PASS" starttime="20231117 11:45:00.425" endtime="20231117 11:45:00.488"/>
</kw>
<kw name="Registration Should Fail With Message">
<arg>Passwords do not match</arg>
<kw name="Register Page Should Be Open" library="resource">
<kw name="Title Should Be" library="SeleniumLibrary">
<arg>Register</arg>
<doc>Verifies that the current page title equals ``title``.</doc>
<msg timestamp="20231117 11:45:00.494" level="INFO">Page title is 'Register'.</msg>
<status status="PASS" starttime="20231117 11:45:00.489" endtime="20231117 11:45:00.494"/>
</kw>
<status status="PASS" starttime="20231117 11:45:00.488" endtime="20231117 11:45:00.494"/>
</kw>
<kw name="Page Should Contain" library="SeleniumLibrary">
<arg>${message}</arg>
<doc>Verifies that current page contains ``text``.</doc>
<msg timestamp="20231117 11:45:00.508" level="INFO">Current page contains text 'Passwords do not match'.</msg>
<status status="PASS" starttime="20231117 11:45:00.494" endtime="20231117 11:45:00.508"/>
</kw>
<status status="PASS" starttime="20231117 11:45:00.488" endtime="20231117 11:45:00.508"/>
</kw>
<status status="PASS" starttime="20231117 11:45:00.169" endtime="20231117 11:45:00.508"/>
</test>
<kw name="Close Browser" library="SeleniumLibrary" type="TEARDOWN">
<doc>Closes the current browser.</doc>
<status status="PASS" starttime="20231117 11:45:00.509" endtime="20231117 11:45:00.671"/>
</kw>
<status status="PASS" starttime="20231117 11:44:56.958" endtime="20231117 11:45:00.671"/>
</suite>
<status status="PASS" starttime="20231117 11:44:52.407" endtime="20231117 11:45:00.674"/>
</suite>
<statistics>
<total>
<stat pass="11" fail="0" skip="0">All Tests</stat>
</total>
<tag>
</tag>
<suite>
<stat pass="11" fail="0" skip="0" id="s1" name="Tests">Tests</stat>
<stat pass="2" fail="0" skip="0" id="s1-s1" name="Home">Tests.Home</stat>
<stat pass="3" fail="0" skip="0" id="s1-s2" name="Login">Tests.Login</stat>
<stat pass="6" fail="0" skip="0" id="s1-s3" name="Register">Tests.Register</stat>
</suite>
</statistics>
<errors>
</errors>
</robot>
