<?xml version="1.0" encoding="UTF-8"?>
<robot generator="Robot 6.1.1 (Python 3.11.5 on darwin)" generated="20231117 11:17:27.695" rpa="false" schemaversion="4">
<suite id="s1" name="Tests" source="/Users/annis/ohtu23_palautukset/viikko3/login-robot/src/tests">
<suite id="s1-s1" name="Login" source="/Users/annis/ohtu23_palautukset/viikko3/login-robot/src/tests/login.robot">
<test id="s1-s1-t1" name="Login With Correct Credentials" line="8">
<kw name="Create User And Input Login Command" type="SETUP">
<kw name="Create User" library="AppLibrary">
<arg>kalle</arg>
<arg>kalle123</arg>
<status status="PASS" starttime="20231117 11:17:27.724" endtime="20231117 11:17:27.724"/>
</kw>
<kw name="Input Login Command" library="resource">
<kw name="Input" library="AppLibrary">
<arg>login</arg>
<status status="PASS" starttime="20231117 11:17:27.725" endtime="20231117 11:17:27.725"/>
</kw>
<status status="PASS" starttime="20231117 11:17:27.724" endtime="20231117 11:17:27.725"/>
</kw>
<status status="PASS" starttime="20231117 11:17:27.724" endtime="20231117 11:17:27.725"/>
</kw>
<kw name="Input Credentials" library="resource">
<arg>kalle</arg>
<arg>kalle123</arg>
<kw name="Input" library="AppLibrary">
<arg>${username}</arg>
<status status="PASS" starttime="20231117 11:17:27.725" endtime="20231117 11:17:27.725"/>
</kw>
<kw name="Input" library="AppLibrary">
<arg>${password}</arg>
<status status="PASS" starttime="20231117 11:17:27.725" endtime="20231117 11:17:27.726"/>
</kw>
<kw name="Run Application" library="AppLibrary">
<status status="PASS" starttime="20231117 11:17:27.726" endtime="20231117 11:17:27.726"/>
</kw>
<status status="PASS" starttime="20231117 11:17:27.725" endtime="20231117 11:17:27.726"/>
</kw>
<kw name="Output Should Contain" library="AppLibrary">
<arg>Logged in</arg>
<status status="PASS" starttime="20231117 11:17:27.726" endtime="20231117 11:17:27.726"/>
</kw>
<status status="PASS" starttime="20231117 11:17:27.723" endtime="20231117 11:17:27.726"/>
</test>
<test id="s1-s1-t2" name="Login With Incorrect Password" line="12">
<kw name="Create User And Input Login Command" type="SETUP">
<kw name="Create User" library="AppLibrary">
<arg>kalle</arg>
<arg>kalle123</arg>
<status status="PASS" starttime="20231117 11:17:27.727" endtime="20231117 11:17:27.727"/>
</kw>
<kw name="Input Login Command" library="resource">
<kw name="Input" library="AppLibrary">
<arg>login</arg>
<status status="PASS" starttime="20231117 11:17:27.727" endtime="20231117 11:17:27.727"/>
</kw>
<status status="PASS" starttime="20231117 11:17:27.727" endtime="20231117 11:17:27.727"/>
</kw>
<status status="PASS" starttime="20231117 11:17:27.727" endtime="20231117 11:17:27.727"/>
</kw>
<kw name="Input Credentials" library="resource">
<arg>kalle</arg>
<arg>kalle12</arg>
<kw name="Input" library="AppLibrary">
<arg>${username}</arg>
<status status="PASS" starttime="20231117 11:17:27.728" endtime="20231117 11:17:27.728"/>
</kw>
<kw name="Input" library="AppLibrary">
<arg>${password}</arg>
<status status="PASS" starttime="20231117 11:17:27.728" endtime="20231117 11:17:27.728"/>
</kw>
<kw name="Run Application" library="AppLibrary">
<status status="PASS" starttime="20231117 11:17:27.728" endtime="20231117 11:17:27.728"/>
</kw>
<status status="PASS" starttime="20231117 11:17:27.728" endtime="20231117 11:17:27.728"/>
</kw>
<kw name="Output Should Contain" library="AppLibrary">
<arg>Invalid username or password</arg>
<status status="PASS" starttime="20231117 11:17:27.728" endtime="20231117 11:17:27.728"/>
</kw>
<status status="PASS" starttime="20231117 11:17:27.726" endtime="20231117 11:17:27.729"/>
</test>
<test id="s1-s1-t3" name="Login With Nonexistent Username" line="16">
<kw name="Create User And Input Login Command" type="SETUP">
<kw name="Create User" library="AppLibrary">
<arg>kalle</arg>
<arg>kalle123</arg>
<status status="PASS" starttime="20231117 11:17:27.729" endtime="20231117 11:17:27.730"/>
</kw>
<kw name="Input Login Command" library="resource">
<kw name="Input" library="AppLibrary">
<arg>login</arg>
<status status="PASS" starttime="20231117 11:17:27.730" endtime="20231117 11:17:27.730"/>
</kw>
<status status="PASS" starttime="20231117 11:17:27.730" endtime="20231117 11:17:27.730"/>
</kw>
<status status="PASS" starttime="20231117 11:17:27.729" endtime="20231117 11:17:27.730"/>
</kw>
<kw name="Input Credentials" library="resource">
<arg>testi</arg>
<arg>testi123</arg>
<kw name="Input" library="AppLibrary">
<arg>${username}</arg>
<status status="PASS" starttime="20231117 11:17:27.730" endtime="20231117 11:17:27.730"/>
</kw>
<kw name="Input" library="AppLibrary">
<arg>${password}</arg>
<status status="PASS" starttime="20231117 11:17:27.730" endtime="20231117 11:17:27.731"/>
</kw>
<kw name="Run Application" library="AppLibrary">
<status status="PASS" starttime="20231117 11:17:27.731" endtime="20231117 11:17:27.731"/>
</kw>
<status status="PASS" starttime="20231117 11:17:27.730" endtime="20231117 11:17:27.731"/>
</kw>
<kw name="Output Should Contain" library="AppLibrary">
<arg>Invalid username or password</arg>
<status status="PASS" starttime="20231117 11:17:27.731" endtime="20231117 11:17:27.731"/>
</kw>
<status status="PASS" starttime="20231117 11:17:27.729" endtime="20231117 11:17:27.731"/>
</test>
<status status="PASS" starttime="20231117 11:17:27.717" endtime="20231117 11:17:27.731"/>
</suite>
<suite id="s1-s2" name="Register" source="/Users/annis/ohtu23_palautukset/viikko3/login-robot/src/tests/register.robot">
<test id="s1-s2-t1" name="Register With Valid Username And Password" line="8">
<kw name="Input New Command And Create User" type="SETUP">
<kw name="Input New Command" library="resource">
<kw name="Input" library="AppLibrary">
<arg>new</arg>
<status status="PASS" starttime="20231117 11:17:27.735" endtime="20231117 11:17:27.735"/>
</kw>
<status status="PASS" starttime="20231117 11:17:27.735" endtime="20231117 11:17:27.735"/>
</kw>
<kw name="Create User" library="AppLibrary">
<arg>testikayttaja</arg>
<arg>testi123</arg>
<status status="PASS" starttime="20231117 11:17:27.735" endtime="20231117 11:17:27.735"/>
</kw>
<status status="PASS" starttime="20231117 11:17:27.734" endtime="20231117 11:17:27.735"/>
</kw>
<kw name="Input Credentials" library="resource">
<arg>tokatesti</arg>
<arg>salasana123</arg>
<kw name="Input" library="AppLibrary">
<arg>${username}</arg>
<status status="PASS" starttime="20231117 11:17:27.735" endtime="20231117 11:17:27.736"/>
</kw>
<kw name="Input" library="AppLibrary">
<arg>${password}</arg>
<status status="PASS" starttime="20231117 11:17:27.736" endtime="20231117 11:17:27.736"/>
</kw>
<kw name="Run Application" library="AppLibrary">
<status status="PASS" starttime="20231117 11:17:27.736" endtime="20231117 11:17:27.736"/>
</kw>
<status status="PASS" starttime="20231117 11:17:27.735" endtime="20231117 11:17:27.736"/>
</kw>
<kw name="Output Should Contain" library="AppLibrary">
<arg>New user registered</arg>
<status status="PASS" starttime="20231117 11:17:27.736" endtime="20231117 11:17:27.736"/>
</kw>
<status status="PASS" starttime="20231117 11:17:27.734" endtime="20231117 11:17:27.736"/>
</test>
<test id="s1-s2-t2" name="Register With Already Taken Username And Valid Password" line="12">
<kw name="Input New Command And Create User" type="SETUP">
<kw name="Input New Command" library="resource">
<kw name="Input" library="AppLibrary">
<arg>new</arg>
<status status="PASS" starttime="20231117 11:17:27.737" endtime="20231117 11:17:27.737"/>
</kw>
<status status="PASS" starttime="20231117 11:17:27.737" endtime="20231117 11:17:27.737"/>
</kw>
<kw name="Create User" library="AppLibrary">
<arg>testikayttaja</arg>
<arg>testi123</arg>
<status status="PASS" starttime="20231117 11:17:27.737" endtime="20231117 11:17:27.737"/>
</kw>
<status status="PASS" starttime="20231117 11:17:27.737" endtime="20231117 11:17:27.737"/>
</kw>
<kw name="Input Credentials" library="resource">
<arg>testikayttaja</arg>
<arg>salasana123</arg>
<kw name="Input" library="AppLibrary">
<arg>${username}</arg>
<status status="PASS" starttime="20231117 11:17:27.738" endtime="20231117 11:17:27.738"/>
</kw>
<kw name="Input" library="AppLibrary">
<arg>${password}</arg>
<status status="PASS" starttime="20231117 11:17:27.738" endtime="20231117 11:17:27.738"/>
</kw>
<kw name="Run Application" library="AppLibrary">
<status status="PASS" starttime="20231117 11:17:27.738" endtime="20231117 11:17:27.738"/>
</kw>
<status status="PASS" starttime="20231117 11:17:27.738" endtime="20231117 11:17:27.738"/>
</kw>
<kw name="Output Should Contain" library="AppLibrary">
<arg>User with username testikayttaja already exists</arg>
<status status="PASS" starttime="20231117 11:17:27.738" endtime="20231117 11:17:27.739"/>
</kw>
<status status="PASS" starttime="20231117 11:17:27.737" endtime="20231117 11:17:27.739"/>
</test>
<test id="s1-s2-t3" name=" Register With Too Short Username And Valid Password" line="16">
<kw name="Input New Command And Create User" type="SETUP">
<kw name="Input New Command" library="resource">
<kw name="Input" library="AppLibrary">
<arg>new</arg>
<status status="PASS" starttime="20231117 11:17:27.740" endtime="20231117 11:17:27.740"/>
</kw>
<status status="PASS" starttime="20231117 11:17:27.739" endtime="20231117 11:17:27.740"/>
</kw>
<kw name="Create User" library="AppLibrary">
<arg>testikayttaja</arg>
<arg>testi123</arg>
<status status="PASS" starttime="20231117 11:17:27.740" endtime="20231117 11:17:27.740"/>
</kw>
<status status="PASS" starttime="20231117 11:17:27.739" endtime="20231117 11:17:27.740"/>
</kw>
<kw name="Input Credentials" library="resource">
<arg>te</arg>
<arg>salasana123</arg>
<kw name="Input" library="AppLibrary">
<arg>${username}</arg>
<status status="PASS" starttime="20231117 11:17:27.740" endtime="20231117 11:17:27.740"/>
</kw>
<kw name="Input" library="AppLibrary">
<arg>${password}</arg>
<status status="PASS" starttime="20231117 11:17:27.740" endtime="20231117 11:17:27.740"/>
</kw>
<kw name="Run Application" library="AppLibrary">
<status status="PASS" starttime="20231117 11:17:27.741" endtime="20231117 11:17:27.741"/>
</kw>
<status status="PASS" starttime="20231117 11:17:27.740" endtime="20231117 11:17:27.741"/>
</kw>
<kw name="Output Should Contain" library="AppLibrary">
<arg>Invalid username</arg>
<status status="PASS" starttime="20231117 11:17:27.741" endtime="20231117 11:17:27.741"/>
</kw>
<status status="PASS" starttime="20231117 11:17:27.739" endtime="20231117 11:17:27.741"/>
</test>
<test id="s1-s2-t4" name="Register With Enough Long But Invald Username And Valid Password" line="20">
<kw name="Input New Command And Create User" type="SETUP">
<kw name="Input New Command" library="resource">
<kw name="Input" library="AppLibrary">
<arg>new</arg>
<status status="PASS" starttime="20231117 11:17:27.742" endtime="20231117 11:17:27.742"/>
</kw>
<status status="PASS" starttime="20231117 11:17:27.742" endtime="20231117 11:17:27.742"/>
</kw>
<kw name="Create User" library="AppLibrary">
<arg>testikayttaja</arg>
<arg>testi123</arg>
<status status="PASS" starttime="20231117 11:17:27.742" endtime="20231117 11:17:27.742"/>
</kw>
<status status="PASS" starttime="20231117 11:17:27.742" endtime="20231117 11:17:27.742"/>
</kw>
<kw name="Input Credentials" library="resource">
<arg>testikayttaja2</arg>
<arg>salasana123</arg>
<kw name="Input" library="AppLibrary">
<arg>${username}</arg>
<status status="PASS" starttime="20231117 11:17:27.743" endtime="20231117 11:17:27.743"/>
</kw>
<kw name="Input" library="AppLibrary">
<arg>${password}</arg>
<status status="PASS" starttime="20231117 11:17:27.743" endtime="20231117 11:17:27.743"/>
</kw>
<kw name="Run Application" library="AppLibrary">
<status status="PASS" starttime="20231117 11:17:27.743" endtime="20231117 11:17:27.743"/>
</kw>
<status status="PASS" starttime="20231117 11:17:27.742" endtime="20231117 11:17:27.743"/>
</kw>
<kw name="Output Should Contain" library="AppLibrary">
<arg>Invalid username</arg>
<status status="PASS" starttime="20231117 11:17:27.743" endtime="20231117 11:17:27.743"/>
</kw>
<status status="PASS" starttime="20231117 11:17:27.741" endtime="20231117 11:17:27.743"/>
</test>
<test id="s1-s2-t5" name="Register With Valid Username And Too Short Password" line="24">
<kw name="Input New Command And Create User" type="SETUP">
<kw name="Input New Command" library="resource">
<kw name="Input" library="AppLibrary">
<arg>new</arg>
<status status="PASS" starttime="20231117 11:17:27.744" endtime="20231117 11:17:27.744"/>
</kw>
<status status="PASS" starttime="20231117 11:17:27.744" endtime="20231117 11:17:27.744"/>
</kw>
<kw name="Create User" library="AppLibrary">
<arg>testikayttaja</arg>
<arg>testi123</arg>
<status status="PASS" starttime="20231117 11:17:27.745" endtime="20231117 11:17:27.745"/>
</kw>
<status status="PASS" starttime="20231117 11:17:27.744" endtime="20231117 11:17:27.745"/>
</kw>
<kw name="Input Credentials" library="resource">
<arg>testuser</arg>
<arg>sa12</arg>
<kw name="Input" library="AppLibrary">
<arg>${username}</arg>
<status status="PASS" starttime="20231117 11:17:27.745" endtime="20231117 11:17:27.745"/>
</kw>
<kw name="Input" library="AppLibrary">
<arg>${password}</arg>
<status status="PASS" starttime="20231117 11:17:27.745" endtime="20231117 11:17:27.745"/>
</kw>
<kw name="Run Application" library="AppLibrary">
<status status="PASS" starttime="20231117 11:17:27.745" endtime="20231117 11:17:27.745"/>
</kw>
<status status="PASS" starttime="20231117 11:17:27.745" endtime="20231117 11:17:27.745"/>
</kw>
<kw name="Output Should Contain" library="AppLibrary">
<arg>Invalid password</arg>
<status status="PASS" starttime="20231117 11:17:27.745" endtime="20231117 11:17:27.746"/>
</kw>
<status status="PASS" starttime="20231117 11:17:27.744" endtime="20231117 11:17:27.746"/>
</test>
<test id="s1-s2-t6" name="Register With Valid Username And Long Enough Password Containing Only Letters" line="28">
<kw name="Input New Command And Create User" type="SETUP">
<kw name="Input New Command" library="resource">
<kw name="Input" library="AppLibrary">
<arg>new</arg>
<status status="PASS" starttime="20231117 11:17:27.747" endtime="20231117 11:17:27.747"/>
</kw>
<status status="PASS" starttime="20231117 11:17:27.747" endtime="20231117 11:17:27.747"/>
</kw>
<kw name="Create User" library="AppLibrary">
<arg>testikayttaja</arg>
<arg>testi123</arg>
<status status="PASS" starttime="20231117 11:17:27.747" endtime="20231117 11:17:27.747"/>
</kw>
<status status="PASS" starttime="20231117 11:17:27.746" endtime="20231117 11:17:27.747"/>
</kw>
<kw name="Input Credentials" library="resource">
<arg>kolmastesti</arg>
<arg>salasana</arg>
<kw name="Input" library="AppLibrary">
<arg>${username}</arg>
<status status="PASS" starttime="20231117 11:17:27.747" endtime="20231117 11:17:27.748"/>
</kw>
<kw name="Input" library="AppLibrary">
<arg>${password}</arg>
<status status="PASS" starttime="20231117 11:17:27.748" endtime="20231117 11:17:27.748"/>
</kw>
<kw name="Run Application" library="AppLibrary">
<status status="PASS" starttime="20231117 11:17:27.748" endtime="20231117 11:17:27.748"/>
</kw>
<status status="PASS" starttime="20231117 11:17:27.747" endtime="20231117 11:17:27.748"/>
</kw>
<kw name="Output Should Contain" library="AppLibrary">
<arg>Invalid password</arg>
<status status="PASS" starttime="20231117 11:17:27.748" endtime="20231117 11:17:27.748"/>
</kw>
<status status="PASS" starttime="20231117 11:17:27.746" endtime="20231117 11:17:27.748"/>
</test>
<status status="PASS" starttime="20231117 11:17:27.732" endtime="20231117 11:17:27.749"/>
</suite>
<status status="PASS" starttime="20231117 11:17:27.697" endtime="20231117 11:17:27.749"/>
</suite>
<statistics>
<total>
<stat pass="9" fail="0" skip="0">All Tests</stat>
</total>
<tag>
</tag>
<suite>
<stat pass="9" fail="0" skip="0" id="s1" name="Tests">Tests</stat>
<stat pass="3" fail="0" skip="0" id="s1-s1" name="Login">Tests.Login</stat>
<stat pass="6" fail="0" skip="0" id="s1-s2" name="Register">Tests.Register</stat>
</suite>
</statistics>
<errors>
</errors>
</robot>
