<?xml version="1.0" encoding="UTF-8"?>
<robot generator="Robot 6.1.1 (Python 3.11.5 on darwin)" generated="20231109 17:55:18.044" rpa="false" schemaversion="4">
<suite id="s1" name="Tests" source="/Users/annis/ohtu23_palautukset/viikko3/login-robot/src/tests">
<suite id="s1-s1" name="Login" source="/Users/annis/ohtu23_palautukset/viikko3/login-robot/src/tests/login.robot">
<test id="s1-s1-t1" name="Login With Correct Credentials" line="8">
<kw name="Create User And Input Login Command" type="SETUP">
<kw name="Create User" library="AppLibrary">
<arg>kalle</arg>
<arg>kalle123</arg>
<status status="PASS" starttime="20231109 17:55:18.076" endtime="20231109 17:55:18.076"/>
</kw>
<kw name="Input Login Command" library="resource">
<kw name="Input" library="AppLibrary">
<arg>login</arg>
<status status="PASS" starttime="20231109 17:55:18.077" endtime="20231109 17:55:18.077"/>
</kw>
<status status="PASS" starttime="20231109 17:55:18.076" endtime="20231109 17:55:18.077"/>
</kw>
<status status="PASS" starttime="20231109 17:55:18.076" endtime="20231109 17:55:18.077"/>
</kw>
<kw name="Input Credentials" library="resource">
<arg>kalle</arg>
<arg>kalle123</arg>
<kw name="Input" library="AppLibrary">
<arg>${username}</arg>
<status status="PASS" starttime="20231109 17:55:18.077" endtime="20231109 17:55:18.078"/>
</kw>
<kw name="Input" library="AppLibrary">
<arg>${password}</arg>
<status status="PASS" starttime="20231109 17:55:18.078" endtime="20231109 17:55:18.078"/>
</kw>
<kw name="Run Application" library="AppLibrary">
<status status="PASS" starttime="20231109 17:55:18.078" endtime="20231109 17:55:18.078"/>
</kw>
<status status="PASS" starttime="20231109 17:55:18.077" endtime="20231109 17:55:18.078"/>
</kw>
<kw name="Output Should Contain" library="AppLibrary">
<arg>Logged in</arg>
<status status="PASS" starttime="20231109 17:55:18.078" endtime="20231109 17:55:18.078"/>
</kw>
<status status="PASS" starttime="20231109 17:55:18.076" endtime="20231109 17:55:18.078"/>
</test>
<test id="s1-s1-t2" name="Login With Incorrect Password" line="12">
<kw name="Create User And Input Login Command" type="SETUP">
<kw name="Create User" library="AppLibrary">
<arg>kalle</arg>
<arg>kalle123</arg>
<status status="PASS" starttime="20231109 17:55:18.079" endtime="20231109 17:55:18.079"/>
</kw>
<kw name="Input Login Command" library="resource">
<kw name="Input" library="AppLibrary">
<arg>login</arg>
<status status="PASS" starttime="20231109 17:55:18.080" endtime="20231109 17:55:18.080"/>
</kw>
<status status="PASS" starttime="20231109 17:55:18.080" endtime="20231109 17:55:18.080"/>
</kw>
<status status="PASS" starttime="20231109 17:55:18.079" endtime="20231109 17:55:18.080"/>
</kw>
<kw name="Input Credentials" library="resource">
<arg>kalle</arg>
<arg>kalle12</arg>
<kw name="Input" library="AppLibrary">
<arg>${username}</arg>
<status status="PASS" starttime="20231109 17:55:18.080" endtime="20231109 17:55:18.080"/>
</kw>
<kw name="Input" library="AppLibrary">
<arg>${password}</arg>
<status status="PASS" starttime="20231109 17:55:18.080" endtime="20231109 17:55:18.081"/>
</kw>
<kw name="Run Application" library="AppLibrary">
<status status="PASS" starttime="20231109 17:55:18.081" endtime="20231109 17:55:18.081"/>
</kw>
<status status="PASS" starttime="20231109 17:55:18.080" endtime="20231109 17:55:18.081"/>
</kw>
<kw name="Output Should Contain" library="AppLibrary">
<arg>Invalid username or password</arg>
<status status="PASS" starttime="20231109 17:55:18.081" endtime="20231109 17:55:18.081"/>
</kw>
<status status="PASS" starttime="20231109 17:55:18.079" endtime="20231109 17:55:18.081"/>
</test>
<test id="s1-s1-t3" name="Login With Nonexistent Username" line="16">
<kw name="Create User And Input Login Command" type="SETUP">
<kw name="Create User" library="AppLibrary">
<arg>kalle</arg>
<arg>kalle123</arg>
<status status="PASS" starttime="20231109 17:55:18.082" endtime="20231109 17:55:18.082"/>
</kw>
<kw name="Input Login Command" library="resource">
<kw name="Input" library="AppLibrary">
<arg>login</arg>
<status status="PASS" starttime="20231109 17:55:18.082" endtime="20231109 17:55:18.082"/>
</kw>
<status status="PASS" starttime="20231109 17:55:18.082" endtime="20231109 17:55:18.082"/>
</kw>
<status status="PASS" starttime="20231109 17:55:18.082" endtime="20231109 17:55:18.082"/>
</kw>
<kw name="Input Credentials" library="resource">
<arg>testi</arg>
<arg>testi123</arg>
<kw name="Input" library="AppLibrary">
<arg>${username}</arg>
<status status="PASS" starttime="20231109 17:55:18.083" endtime="20231109 17:55:18.083"/>
</kw>
<kw name="Input" library="AppLibrary">
<arg>${password}</arg>
<status status="PASS" starttime="20231109 17:55:18.083" endtime="20231109 17:55:18.083"/>
</kw>
<kw name="Run Application" library="AppLibrary">
<status status="PASS" starttime="20231109 17:55:18.083" endtime="20231109 17:55:18.083"/>
</kw>
<status status="PASS" starttime="20231109 17:55:18.083" endtime="20231109 17:55:18.083"/>
</kw>
<kw name="Output Should Contain" library="AppLibrary">
<arg>Invalid username or password</arg>
<status status="PASS" starttime="20231109 17:55:18.083" endtime="20231109 17:55:18.083"/>
</kw>
<status status="PASS" starttime="20231109 17:55:18.081" endtime="20231109 17:55:18.084"/>
</test>
<status status="PASS" starttime="20231109 17:55:18.068" endtime="20231109 17:55:18.084"/>
</suite>
<status status="PASS" starttime="20231109 17:55:18.046" endtime="20231109 17:55:18.085"/>
</suite>
<statistics>
<total>
<stat pass="3" fail="0" skip="0">All Tests</stat>
</total>
<tag>
</tag>
<suite>
<stat pass="3" fail="0" skip="0" id="s1" name="Tests">Tests</stat>
<stat pass="3" fail="0" skip="0" id="s1-s1" name="Login">Tests.Login</stat>
</suite>
</statistics>
<errors>
</errors>
</robot>
