<?xml version="1.0" encoding="UTF-8"?>
<robot generator="Robot 6.1.1 (Python 3.11.5 on darwin)" generated="20231110 11:15:35.102" rpa="false" schemaversion="4">
<suite id="s1" name="Tests" source="/Users/annis/ohtu23_palautukset/viikko3/login-robot/src/tests">
<suite id="s1-s1" name="Login" source="/Users/annis/ohtu23_palautukset/viikko3/login-robot/src/tests/login.robot">
<test id="s1-s1-t1" name="Login With Correct Credentials" line="8">
<kw name="Create User And Input Login Command" type="SETUP">
<kw name="Create User" library="AppLibrary">
<arg>kalle</arg>
<arg>kalle123</arg>
<status status="PASS" starttime="20231110 11:15:35.151" endtime="20231110 11:15:35.151"/>
</kw>
<kw name="Input Login Command" library="resource">
<kw name="Input" library="AppLibrary">
<arg>login</arg>
<status status="PASS" starttime="20231110 11:15:35.151" endtime="20231110 11:15:35.152"/>
</kw>
<status status="PASS" starttime="20231110 11:15:35.151" endtime="20231110 11:15:35.152"/>
</kw>
<status status="PASS" starttime="20231110 11:15:35.150" endtime="20231110 11:15:35.152"/>
</kw>
<kw name="Input Credentials" library="resource">
<arg>kalle</arg>
<arg>kalle123</arg>
<kw name="Input" library="AppLibrary">
<arg>${username}</arg>
<status status="PASS" starttime="20231110 11:15:35.152" endtime="20231110 11:15:35.153"/>
</kw>
<kw name="Input" library="AppLibrary">
<arg>${password}</arg>
<status status="PASS" starttime="20231110 11:15:35.153" endtime="20231110 11:15:35.153"/>
</kw>
<kw name="Run Application" library="AppLibrary">
<status status="PASS" starttime="20231110 11:15:35.153" endtime="20231110 11:15:35.153"/>
</kw>
<status status="PASS" starttime="20231110 11:15:35.152" endtime="20231110 11:15:35.153"/>
</kw>
<kw name="Output Should Contain" library="AppLibrary">
<arg>Logged in</arg>
<status status="PASS" starttime="20231110 11:15:35.154" endtime="20231110 11:15:35.154"/>
</kw>
<status status="PASS" starttime="20231110 11:15:35.149" endtime="20231110 11:15:35.154"/>
</test>
<test id="s1-s1-t2" name="Login With Incorrect Password" line="12">
<kw name="Create User And Input Login Command" type="SETUP">
<kw name="Create User" library="AppLibrary">
<arg>kalle</arg>
<arg>kalle123</arg>
<status status="PASS" starttime="20231110 11:15:35.156" endtime="20231110 11:15:35.156"/>
</kw>
<kw name="Input Login Command" library="resource">
<kw name="Input" library="AppLibrary">
<arg>login</arg>
<status status="PASS" starttime="20231110 11:15:35.156" endtime="20231110 11:15:35.157"/>
</kw>
<status status="PASS" starttime="20231110 11:15:35.156" endtime="20231110 11:15:35.157"/>
</kw>
<status status="PASS" starttime="20231110 11:15:35.155" endtime="20231110 11:15:35.157"/>
</kw>
<kw name="Input Credentials" library="resource">
<arg>kalle</arg>
<arg>kalle12</arg>
<kw name="Input" library="AppLibrary">
<arg>${username}</arg>
<status status="PASS" starttime="20231110 11:15:35.158" endtime="20231110 11:15:35.158"/>
</kw>
<kw name="Input" library="AppLibrary">
<arg>${password}</arg>
<status status="PASS" starttime="20231110 11:15:35.158" endtime="20231110 11:15:35.158"/>
</kw>
<kw name="Run Application" library="AppLibrary">
<status status="PASS" starttime="20231110 11:15:35.158" endtime="20231110 11:15:35.159"/>
</kw>
<status status="PASS" starttime="20231110 11:15:35.157" endtime="20231110 11:15:35.159"/>
</kw>
<kw name="Output Should Contain" library="AppLibrary">
<arg>Invalid username or password</arg>
<status status="PASS" starttime="20231110 11:15:35.159" endtime="20231110 11:15:35.159"/>
</kw>
<status status="PASS" starttime="20231110 11:15:35.155" endtime="20231110 11:15:35.160"/>
</test>
<test id="s1-s1-t3" name="Login With Nonexistent Username" line="16">
<kw name="Create User And Input Login Command" type="SETUP">
<kw name="Create User" library="AppLibrary">
<arg>kalle</arg>
<arg>kalle123</arg>
<status status="PASS" starttime="20231110 11:15:35.161" endtime="20231110 11:15:35.162"/>
</kw>
<kw name="Input Login Command" library="resource">
<kw name="Input" library="AppLibrary">
<arg>login</arg>
<status status="PASS" starttime="20231110 11:15:35.162" endtime="20231110 11:15:35.162"/>
</kw>
<status status="PASS" starttime="20231110 11:15:35.162" endtime="20231110 11:15:35.163"/>
</kw>
<status status="PASS" starttime="20231110 11:15:35.161" endtime="20231110 11:15:35.163"/>
</kw>
<kw name="Input Credentials" library="resource">
<arg>testi</arg>
<arg>testi123</arg>
<kw name="Input" library="AppLibrary">
<arg>${username}</arg>
<status status="PASS" starttime="20231110 11:15:35.163" endtime="20231110 11:15:35.163"/>
</kw>
<kw name="Input" library="AppLibrary">
<arg>${password}</arg>
<status status="PASS" starttime="20231110 11:15:35.164" endtime="20231110 11:15:35.164"/>
</kw>
<kw name="Run Application" library="AppLibrary">
<status status="PASS" starttime="20231110 11:15:35.164" endtime="20231110 11:15:35.164"/>
</kw>
<status status="PASS" starttime="20231110 11:15:35.163" endtime="20231110 11:15:35.164"/>
</kw>
<kw name="Output Should Contain" library="AppLibrary">
<arg>Invalid username or password</arg>
<status status="PASS" starttime="20231110 11:15:35.164" endtime="20231110 11:15:35.164"/>
</kw>
<status status="PASS" starttime="20231110 11:15:35.160" endtime="20231110 11:15:35.165"/>
</test>
<status status="PASS" starttime="20231110 11:15:35.134" endtime="20231110 11:15:35.165"/>
</suite>
<suite id="s1-s2" name="Register" source="/Users/annis/ohtu23_palautukset/viikko3/login-robot/src/tests/register.robot">
<test id="s1-s2-t1" name="Register With Valid Username And Password" line="8">
<kw name="Input New Command And Create User" type="SETUP">
<kw name="Input New Command" library="resource">
<kw name="Input" library="AppLibrary">
<arg>new</arg>
<status status="PASS" starttime="20231110 11:15:35.172" endtime="20231110 11:15:35.173"/>
</kw>
<status status="PASS" starttime="20231110 11:15:35.172" endtime="20231110 11:15:35.173"/>
</kw>
<kw name="Create User" library="AppLibrary">
<arg>testikayttaja</arg>
<arg>testi123</arg>
<status status="PASS" starttime="20231110 11:15:35.173" endtime="20231110 11:15:35.173"/>
</kw>
<status status="PASS" starttime="20231110 11:15:35.172" endtime="20231110 11:15:35.173"/>
</kw>
<kw name="Input Credentials" library="resource">
<arg>tokatesti</arg>
<arg>salasana123</arg>
<kw name="Input" library="AppLibrary">
<arg>${username}</arg>
<status status="PASS" starttime="20231110 11:15:35.174" endtime="20231110 11:15:35.174"/>
</kw>
<kw name="Input" library="AppLibrary">
<arg>${password}</arg>
<status status="PASS" starttime="20231110 11:15:35.174" endtime="20231110 11:15:35.174"/>
</kw>
<kw name="Run Application" library="AppLibrary">
<status status="PASS" starttime="20231110 11:15:35.174" endtime="20231110 11:15:35.174"/>
</kw>
<status status="PASS" starttime="20231110 11:15:35.173" endtime="20231110 11:15:35.174"/>
</kw>
<kw name="Output Should Contain" library="AppLibrary">
<arg>New user registered</arg>
<status status="PASS" starttime="20231110 11:15:35.175" endtime="20231110 11:15:35.175"/>
</kw>
<status status="PASS" starttime="20231110 11:15:35.171" endtime="20231110 11:15:35.175"/>
</test>
<test id="s1-s2-t2" name="Register With Already Taken Username And Valid Password" line="12">
<kw name="Input New Command And Create User" type="SETUP">
<kw name="Input New Command" library="resource">
<kw name="Input" library="AppLibrary">
<arg>new</arg>
<status status="PASS" starttime="20231110 11:15:35.177" endtime="20231110 11:15:35.178"/>
</kw>
<status status="PASS" starttime="20231110 11:15:35.177" endtime="20231110 11:15:35.178"/>
</kw>
<kw name="Create User" library="AppLibrary">
<arg>testikayttaja</arg>
<arg>testi123</arg>
<status status="PASS" starttime="20231110 11:15:35.178" endtime="20231110 11:15:35.178"/>
</kw>
<status status="PASS" starttime="20231110 11:15:35.177" endtime="20231110 11:15:35.178"/>
</kw>
<kw name="Input Credentials" library="resource">
<arg>testikayttaja</arg>
<arg>salasana123</arg>
<kw name="Input" library="AppLibrary">
<arg>${username}</arg>
<status status="PASS" starttime="20231110 11:15:35.179" endtime="20231110 11:15:35.180"/>
</kw>
<kw name="Input" library="AppLibrary">
<arg>${password}</arg>
<status status="PASS" starttime="20231110 11:15:35.180" endtime="20231110 11:15:35.180"/>
</kw>
<kw name="Run Application" library="AppLibrary">
<status status="PASS" starttime="20231110 11:15:35.181" endtime="20231110 11:15:35.181"/>
</kw>
<status status="PASS" starttime="20231110 11:15:35.178" endtime="20231110 11:15:35.181"/>
</kw>
<kw name="Output Should Contain" library="AppLibrary">
<arg>User with username testikayttaja already exists</arg>
<status status="PASS" starttime="20231110 11:15:35.182" endtime="20231110 11:15:35.182"/>
</kw>
<status status="PASS" starttime="20231110 11:15:35.176" endtime="20231110 11:15:35.183"/>
</test>
<test id="s1-s2-t3" name=" Register With Too Short Username And Valid Password" line="16">
<kw name="Input New Command And Create User" type="SETUP">
<kw name="Input New Command" library="resource">
<kw name="Input" library="AppLibrary">
<arg>new</arg>
<status status="PASS" starttime="20231110 11:15:35.186" endtime="20231110 11:15:35.186"/>
</kw>
<status status="PASS" starttime="20231110 11:15:35.185" endtime="20231110 11:15:35.186"/>
</kw>
<kw name="Create User" library="AppLibrary">
<arg>testikayttaja</arg>
<arg>testi123</arg>
<status status="PASS" starttime="20231110 11:15:35.186" endtime="20231110 11:15:35.186"/>
</kw>
<status status="PASS" starttime="20231110 11:15:35.185" endtime="20231110 11:15:35.186"/>
</kw>
<kw name="Input Credentials" library="resource">
<arg>te</arg>
<arg>salasana123</arg>
<kw name="Input" library="AppLibrary">
<arg>${username}</arg>
<status status="PASS" starttime="20231110 11:15:35.187" endtime="20231110 11:15:35.187"/>
</kw>
<kw name="Input" library="AppLibrary">
<arg>${password}</arg>
<status status="PASS" starttime="20231110 11:15:35.187" endtime="20231110 11:15:35.187"/>
</kw>
<kw name="Run Application" library="AppLibrary">
<status status="PASS" starttime="20231110 11:15:35.187" endtime="20231110 11:15:35.187"/>
</kw>
<status status="PASS" starttime="20231110 11:15:35.186" endtime="20231110 11:15:35.187"/>
</kw>
<kw name="Output Should Contain" library="AppLibrary">
<arg>Invalid username</arg>
<status status="PASS" starttime="20231110 11:15:35.188" endtime="20231110 11:15:35.188"/>
</kw>
<status status="PASS" starttime="20231110 11:15:35.184" endtime="20231110 11:15:35.188"/>
</test>
<test id="s1-s2-t4" name="Register With Enough Long But Invald Username And Valid Password" line="20">
<kw name="Input New Command And Create User" type="SETUP">
<kw name="Input New Command" library="resource">
<kw name="Input" library="AppLibrary">
<arg>new</arg>
<status status="PASS" starttime="20231110 11:15:35.191" endtime="20231110 11:15:35.191"/>
</kw>
<status status="PASS" starttime="20231110 11:15:35.190" endtime="20231110 11:15:35.191"/>
</kw>
<kw name="Create User" library="AppLibrary">
<arg>testikayttaja</arg>
<arg>testi123</arg>
<status status="PASS" starttime="20231110 11:15:35.191" endtime="20231110 11:15:35.191"/>
</kw>
<status status="PASS" starttime="20231110 11:15:35.190" endtime="20231110 11:15:35.191"/>
</kw>
<kw name="Input Credentials" library="resource">
<arg>testikayttaja2</arg>
<arg>salasana123</arg>
<kw name="Input" library="AppLibrary">
<arg>${username}</arg>
<status status="PASS" starttime="20231110 11:15:35.192" endtime="20231110 11:15:35.192"/>
</kw>
<kw name="Input" library="AppLibrary">
<arg>${password}</arg>
<status status="PASS" starttime="20231110 11:15:35.192" endtime="20231110 11:15:35.192"/>
</kw>
<kw name="Run Application" library="AppLibrary">
<status status="PASS" starttime="20231110 11:15:35.192" endtime="20231110 11:15:35.192"/>
</kw>
<status status="PASS" starttime="20231110 11:15:35.191" endtime="20231110 11:15:35.192"/>
</kw>
<kw name="Output Should Contain" library="AppLibrary">
<arg>Invalid username</arg>
<status status="PASS" starttime="20231110 11:15:35.193" endtime="20231110 11:15:35.193"/>
</kw>
<status status="PASS" starttime="20231110 11:15:35.189" endtime="20231110 11:15:35.193"/>
</test>
<test id="s1-s2-t5" name="Register With Valid Username And Too Short Password" line="24">
<kw name="Input New Command And Create User" type="SETUP">
<kw name="Input New Command" library="resource">
<kw name="Input" library="AppLibrary">
<arg>new</arg>
<status status="PASS" starttime="20231110 11:15:35.194" endtime="20231110 11:15:35.194"/>
</kw>
<status status="PASS" starttime="20231110 11:15:35.194" endtime="20231110 11:15:35.194"/>
</kw>
<kw name="Create User" library="AppLibrary">
<arg>testikayttaja</arg>
<arg>testi123</arg>
<status status="PASS" starttime="20231110 11:15:35.195" endtime="20231110 11:15:35.195"/>
</kw>
<status status="PASS" starttime="20231110 11:15:35.194" endtime="20231110 11:15:35.195"/>
</kw>
<kw name="Input Credentials" library="resource">
<arg>testuser</arg>
<arg>sa12</arg>
<kw name="Input" library="AppLibrary">
<arg>${username}</arg>
<status status="PASS" starttime="20231110 11:15:35.195" endtime="20231110 11:15:35.195"/>
</kw>
<kw name="Input" library="AppLibrary">
<arg>${password}</arg>
<status status="PASS" starttime="20231110 11:15:35.195" endtime="20231110 11:15:35.196"/>
</kw>
<kw name="Run Application" library="AppLibrary">
<status status="PASS" starttime="20231110 11:15:35.196" endtime="20231110 11:15:35.196"/>
</kw>
<status status="PASS" starttime="20231110 11:15:35.195" endtime="20231110 11:15:35.196"/>
</kw>
<kw name="Output Should Contain" library="AppLibrary">
<arg>Invalid password</arg>
<status status="PASS" starttime="20231110 11:15:35.196" endtime="20231110 11:15:35.196"/>
</kw>
<status status="PASS" starttime="20231110 11:15:35.193" endtime="20231110 11:15:35.196"/>
</test>
<test id="s1-s2-t6" name="Register With Valid Username And Long Enough Password Containing Only Letters" line="28">
<kw name="Input New Command And Create User" type="SETUP">
<kw name="Input New Command" library="resource">
<kw name="Input" library="AppLibrary">
<arg>new</arg>
<status status="PASS" starttime="20231110 11:15:35.198" endtime="20231110 11:15:35.199"/>
</kw>
<status status="PASS" starttime="20231110 11:15:35.198" endtime="20231110 11:15:35.199"/>
</kw>
<kw name="Create User" library="AppLibrary">
<arg>testikayttaja</arg>
<arg>testi123</arg>
<status status="PASS" starttime="20231110 11:15:35.199" endtime="20231110 11:15:35.199"/>
</kw>
<status status="PASS" starttime="20231110 11:15:35.197" endtime="20231110 11:15:35.199"/>
</kw>
<kw name="Input Credentials" library="resource">
<arg>kolmastesti</arg>
<arg>salasana</arg>
<kw name="Input" library="AppLibrary">
<arg>${username}</arg>
<status status="PASS" starttime="20231110 11:15:35.200" endtime="20231110 11:15:35.200"/>
</kw>
<kw name="Input" library="AppLibrary">
<arg>${password}</arg>
<status status="PASS" starttime="20231110 11:15:35.200" endtime="20231110 11:15:35.200"/>
</kw>
<kw name="Run Application" library="AppLibrary">
<status status="PASS" starttime="20231110 11:15:35.200" endtime="20231110 11:15:35.200"/>
</kw>
<status status="PASS" starttime="20231110 11:15:35.199" endtime="20231110 11:15:35.200"/>
</kw>
<kw name="Output Should Contain" library="AppLibrary">
<arg>Invalid password</arg>
<status status="PASS" starttime="20231110 11:15:35.201" endtime="20231110 11:15:35.201"/>
</kw>
<status status="PASS" starttime="20231110 11:15:35.197" endtime="20231110 11:15:35.201"/>
</test>
<status status="PASS" starttime="20231110 11:15:35.166" endtime="20231110 11:15:35.201"/>
</suite>
<status status="PASS" starttime="20231110 11:15:35.105" endtime="20231110 11:15:35.203"/>
</suite>
<statistics>
<total>
<stat pass="9" fail="0" skip="0">All Tests</stat>
</total>
<tag>
</tag>
<suite>
<stat pass="9" fail="0" skip="0" id="s1" name="Tests">Tests</stat>
<stat pass="3" fail="0" skip="0" id="s1-s1" name="Login">Tests.Login</stat>
<stat pass="6" fail="0" skip="0" id="s1-s2" name="Register">Tests.Register</stat>
</suite>
</statistics>
<errors>
</errors>
</robot>
